d:\genesis and jet3d\jstudio_classic11_2023\source\objects\boxobject\debug\boxobj.bsc
d:\genesis and jet3d\jstudio_classic11_2023\source\objects\boxobject\debug\vc143.pdb
d:\genesis and jet3d\jstudio_classic11_2023\source\objects\boxobject\debug\vc143.idb
d:\genesis and jet3d\jstudio_classic11_2023\source\objects\boxobject\debug\boxobject.sbr
d:\genesis and jet3d\jstudio_classic11_2023\source\objects\boxobject\debug\objectdef.sbr
d:\genesis and jet3d\jstudio_classic11_2023\source\objects\boxobject\debug\objectdef.obj
d:\genesis and jet3d\jstudio_classic11_2023\source\objects\boxobject\debug\boxobject.obj
d:\genesis and jet3d\jstudio_classic11_2023\source\objects\boxobject\debug\boxobj.ilk
d:\genesis and jet3d\jstudio_classic11_2023\bin\objects\boxobj.ddl
d:\genesis and jet3d\jstudio_classic11_2023\source\objects\boxobject\debug\boxobj.map
d:\genesis and jet3d\jstudio_classic11_2023\source\objects\boxobject\debug\boxobj.pdb
d:\genesis and jet3d\jstudio_classic11_2023\source\objects\boxobject\debug\boxobj.lib
d:\genesis and jet3d\jstudio_classic11_2023\source\objects\boxobject\debug\boxobj.exp
d:\genesis and jet3d\jstudio_classic11_2023\source\objects\boxobject\debug\boxobject.res
d:\genesis and jet3d\jstudio_classic11_2023\source\objects\boxobject\debug\boxobj.tlog\bscmake.command.1.tlog
d:\genesis and jet3d\jstudio_classic11_2023\source\objects\boxobject\debug\boxobj.tlog\bscmake.read.1.tlog
d:\genesis and jet3d\jstudio_classic11_2023\source\objects\boxobject\debug\boxobj.tlog\bscmake.write.1.tlog
d:\genesis and jet3d\jstudio_classic11_2023\source\objects\boxobject\debug\boxobj.tlog\cl.command.1.tlog
d:\genesis and jet3d\jstudio_classic11_2023\source\objects\boxobject\debug\boxobj.tlog\cl.read.1.tlog
d:\genesis and jet3d\jstudio_classic11_2023\source\objects\boxobject\debug\boxobj.tlog\cl.write.1.tlog
d:\genesis and jet3d\jstudio_classic11_2023\source\objects\boxobject\debug\boxobj.tlog\link.command.1.tlog
d:\genesis and jet3d\jstudio_classic11_2023\source\objects\boxobject\debug\boxobj.tlog\link.read.1.tlog
d:\genesis and jet3d\jstudio_classic11_2023\source\objects\boxobject\debug\boxobj.tlog\link.write.1.tlog
d:\genesis and jet3d\jstudio_classic11_2023\source\objects\boxobject\debug\boxobj.tlog\link.write.2u.tlog
d:\genesis and jet3d\jstudio_classic11_2023\source\objects\boxobject\debug\boxobj.tlog\rc.command.1.tlog
d:\genesis and jet3d\jstudio_classic11_2023\source\objects\boxobject\debug\boxobj.tlog\rc.read.1.tlog
d:\genesis and jet3d\jstudio_classic11_2023\source\objects\boxobject\debug\boxobj.tlog\rc.write.1.tlog
