d:\genesis and jet3d\jstudio_classic11_2023\source\tools\actortools\debug\actbuild.obj
d:\genesis and jet3d\jstudio_classic11_2023\source\tools\actortools\debug\aoptions.obj
d:\genesis and jet3d\jstudio_classic11_2023\source\tools\actortools\debug\aproject.obj
d:\genesis and jet3d\jstudio_classic11_2023\source\tools\actortools\debug\array.obj
d:\genesis and jet3d\jstudio_classic11_2023\source\tools\actortools\debug\filepath.obj
d:\genesis and jet3d\jstudio_classic11_2023\source\tools\actortools\debug\log.obj
d:\genesis and jet3d\jstudio_classic11_2023\source\tools\actortools\debug\make.obj
d:\genesis and jet3d\jstudio_classic11_2023\source\tools\actortools\debug\maxmath.obj
d:\genesis and jet3d\jstudio_classic11_2023\source\tools\actortools\debug\mkactor.obj
d:\genesis and jet3d\jstudio_classic11_2023\source\tools\actortools\debug\mkbody.obj
d:\genesis and jet3d\jstudio_classic11_2023\source\tools\actortools\debug\mkmotion.obj
d:\genesis and jet3d\jstudio_classic11_2023\source\tools\actortools\debug\mkutil.obj
d:\genesis and jet3d\jstudio_classic11_2023\source\tools\actortools\debug\mopshell.obj
d:\genesis and jet3d\jstudio_classic11_2023\source\tools\actortools\debug\mxscript.obj
d:\genesis and jet3d\jstudio_classic11_2023\source\tools\actortools\debug\pop.obj
d:\genesis and jet3d\jstudio_classic11_2023\source\tools\actortools\debug\rcstring.obj
d:\genesis and jet3d\jstudio_classic11_2023\source\tools\actortools\debug\tdbody.obj
d:\genesis and jet3d\jstudio_classic11_2023\source\tools\actortools\debug\util.obj
d:\genesis and jet3d\jstudio_classic11_2023\source\tools\actortools\debug\vph.obj
d:\genesis and jet3d\jstudio_classic11_2023\source\tools\actortools\debug\jactbuildclassic11d.ilk
d:\genesis and jet3d\jstudio_classic11_2023\source\tools\actortools\debug\vc143.idb
d:\genesis and jet3d\jstudio_classic11_2023\source\tools\actortools\debug\vc143.pdb
d:\genesis and jet3d\jstudio_classic11_2023\source\tools\actortools\debug\jastudio.a284cc55.tlog\cl.command.1.tlog
