d:\genesis and jet3d\jstudio_classic11_2023\source\objects\modelobject\debug\vc143.pdb
d:\genesis and jet3d\jstudio_classic11_2023\source\objects\modelobject\debug\vc143.idb
d:\genesis and jet3d\jstudio_classic11_2023\source\objects\modelobject\debug\objectdef.obj
d:\genesis and jet3d\jstudio_classic11_2023\source\objects\modelobject\debug\modelobject.obj
d:\genesis and jet3d\jstudio_classic11_2023\source\objects\modelobject\debug\modelobj.ilk
d:\genesis and jet3d\jstudio_classic11_2023\bin\objects\modelobj.ddl
d:\genesis and jet3d\jstudio_classic11_2023\source\objects\modelobject\debug\modelobj.map
d:\genesis and jet3d\jstudio_classic11_2023\source\objects\modelobject\debug\modelobj.pdb
d:\genesis and jet3d\jstudio_classic11_2023\source\objects\modelobject\debug\modelobj.lib
d:\genesis and jet3d\jstudio_classic11_2023\source\objects\modelobject\debug\modelobj.exp
d:\genesis and jet3d\jstudio_classic11_2023\source\objects\modelobject\debug\modelobject.res
d:\genesis and jet3d\jstudio_classic11_2023\source\objects\modelobject\debug\modelobj.tlog\cl.command.1.tlog
d:\genesis and jet3d\jstudio_classic11_2023\source\objects\modelobject\debug\modelobj.tlog\cl.read.1.tlog
d:\genesis and jet3d\jstudio_classic11_2023\source\objects\modelobject\debug\modelobj.tlog\cl.write.1.tlog
d:\genesis and jet3d\jstudio_classic11_2023\source\objects\modelobject\debug\modelobj.tlog\link.command.1.tlog
d:\genesis and jet3d\jstudio_classic11_2023\source\objects\modelobject\debug\modelobj.tlog\link.read.1.tlog
d:\genesis and jet3d\jstudio_classic11_2023\source\objects\modelobject\debug\modelobj.tlog\link.write.1.tlog
d:\genesis and jet3d\jstudio_classic11_2023\source\objects\modelobject\debug\modelobj.tlog\link.write.2u.tlog
d:\genesis and jet3d\jstudio_classic11_2023\source\objects\modelobject\debug\modelobj.tlog\rc.command.1.tlog
d:\genesis and jet3d\jstudio_classic11_2023\source\objects\modelobject\debug\modelobj.tlog\rc.read.1.tlog
d:\genesis and jet3d\jstudio_classic11_2023\source\objects\modelobject\debug\modelobj.tlog\rc.write.1.tlog
