d:\genesis and jet3d\jstudio_classic11_2023\source\tools\gameshell\lib\eosscript_d.pdb
d:\genesis and jet3d\jstudio_classic11_2023\source\tools\gameshell\lib\eosscript_d.idb
d:\genesis and jet3d\jstudio_classic11_2023\source\tools\eosscript\vc\debug\eosanalyse.obj
d:\genesis and jet3d\jstudio_classic11_2023\source\tools\eosscript\vc\debug\eosbase.obj
d:\genesis and jet3d\jstudio_classic11_2023\source\tools\eosscript\vc\debug\eosfunction.obj
d:\genesis and jet3d\jstudio_classic11_2023\source\tools\eosscript\vc\debug\eosinstr.obj
d:\genesis and jet3d\jstudio_classic11_2023\source\tools\eosscript\vc\debug\eoslog.obj
d:\genesis and jet3d\jstudio_classic11_2023\source\tools\eosscript\vc\debug\eosobject.obj
d:\genesis and jet3d\jstudio_classic11_2023\source\tools\eosscript\vc\debug\eosparser.obj
d:\genesis and jet3d\jstudio_classic11_2023\source\tools\eosscript\vc\debug\eosutil.obj
d:\genesis and jet3d\jstudio_classic11_2023\source\tools\eosscript\vc\debug\eosutillib.obj
d:\genesis and jet3d\jstudio_classic11_2023\source\tools\eosscript\vc\debug\eosvalue.obj
d:\genesis and jet3d\jstudio_classic11_2023\source\tools\eosscript\vc\debug\eosvariable.obj
d:\genesis and jet3d\jstudio_classic11_2023\source\tools\eosscript\vc\debug\eosvm.obj
d:\genesis and jet3d\jstudio_classic11_2023\source\tools\gameshell\lib\eosscript_d.lib
d:\genesis and jet3d\jstudio_classic11_2023\source\tools\eosscript\vc\debug\eosscript.tlog\cl.command.1.tlog
d:\genesis and jet3d\jstudio_classic11_2023\source\tools\eosscript\vc\debug\eosscript.tlog\cl.read.1.tlog
d:\genesis and jet3d\jstudio_classic11_2023\source\tools\eosscript\vc\debug\eosscript.tlog\cl.write.1.tlog
d:\genesis and jet3d\jstudio_classic11_2023\source\tools\eosscript\vc\debug\eosscript.tlog\lib-link.read.1.tlog
d:\genesis and jet3d\jstudio_classic11_2023\source\tools\eosscript\vc\debug\eosscript.tlog\lib-link.write.1.tlog
d:\genesis and jet3d\jstudio_classic11_2023\source\tools\eosscript\vc\debug\eosscript.tlog\lib.command.1.tlog
