=======================================================
Date: 3/20/2025, Time: 8:10
Cache Name: Lightmap Cache
Total Mem: 1066109824
Free Mem: 1066109824
 --- Slots ---
Total Ref:    0, Total Used:    0
=======================================================
Date: 3/20/2025, Time: 8:10
Cache Name: Main Texture Cache
Total Mem: -1096637825
Free Mem: -1096637825
 --- Slots ---
Width:  16, Height  16, Mips:  1, Stage:  0, Ref:    5, Used:    5
Width:   8, Height   8, Mips:  1, Stage:  0, Ref:    3, Used:    3
Width:   4, Height   4, Mips:  1, Stage:  0, Ref:    2, Used:    2
Width:   2, Height   2, Mips:  1, Stage:  0, Ref:    2, Used:    2
Width: 128, Height 128, Mips:  1, Stage:  0, Ref:    2, Used:    2
Width:  64, Height  64, Mips:  1, Stage:  0, Ref:    3, Used:    3
Width:  32, Height  32, Mips:  1, Stage:  0, Ref:    3, Used:    3
Width: 128, Height 128, Mips:  1, Stage:  0, Ref:    2, Used:    2
Width: 256, Height 256, Mips:  1, Stage:  0, Ref:    1, Used:    1
Total Ref:   23, Total Used:   23
=======================================================
Date: 3/20/2025, Time: 8:10
Cache Name: Lightmap Cache
Total Mem: 1066109824
Free Mem: 1066109824
 --- Slots ---
Total Ref:    0, Total Used:    0
=======================================================
Date: 3/20/2025, Time: 8:10
Cache Name: Main Texture Cache
Total Mem: -1096637825
Free Mem: -1096637825
 --- Slots ---
Width: 128, Height 128, Mips:  1, Stage:  0, Ref:    1, Used:    1
Width:  64, Height  64, Mips:  1, Stage:  0, Ref:    1, Used:    1
Width:  32, Height  32, Mips:  1, Stage:  0, Ref:    1, Used:    1
Width:  16, Height  16, Mips:  1, Stage:  0, Ref:    1, Used:    1
Total Ref:    4, Total Used:    4
=======================================================
Date: 3/20/2025, Time: 8:10
Cache Name: Lightmap Cache
Total Mem: 1066109824
Free Mem: 1066109824
 --- Slots ---
Total Ref:    0, Total Used:    0
=======================================================
Date: 3/20/2025, Time: 8:10
Cache Name: Main Texture Cache
Total Mem: -1096637825
Free Mem: -1096637825
 --- Slots ---
Width: 128, Height 128, Mips:  1, Stage:  0, Ref:    9, Used:    9
Width:  64, Height  64, Mips:  1, Stage:  0, Ref:   15, Used:   15
Width:  32, Height  32, Mips:  1, Stage:  0, Ref:   15, Used:   15
Width:  16, Height  16, Mips:  1, Stage:  0, Ref:   13, Used:   13
Width:   8, Height   8, Mips:  1, Stage:  0, Ref:    6, Used:    6
Width: 256, Height 256, Mips:  1, Stage:  0, Ref:    2, Used:    2
Total Ref:   60, Total Used:   60
=======================================================
Date: 3/20/2025, Time: 8:12
Cache Name: Lightmap Cache
Total Mem: 1066109824
Free Mem: 1066109824
 --- Slots ---
Total Ref:    0, Total Used:    0
=======================================================
Date: 3/20/2025, Time: 8:12
Cache Name: Main Texture Cache
Total Mem: -1096637825
Free Mem: -1096637825
 --- Slots ---
Width:  64, Height  64, Mips:  1, Stage:  0, Ref:    4, Used:    4
Width:  32, Height  32, Mips:  1, Stage:  0, Ref:    4, Used:    4
Width:  16, Height  16, Mips:  1, Stage:  0, Ref:    4, Used:    4
Width:   8, Height   8, Mips:  1, Stage:  0, Ref:    3, Used:    3
Width: 128, Height 128, Mips:  1, Stage:  0, Ref:    1, Used:    1
Total Ref:   16, Total Used:   16
=======================================================
Date: 3/20/2025, Time: 8:12
Cache Name: Lightmap Cache
Total Mem: 1066109824
Free Mem: 1066109824
 --- Slots ---
Total Ref:    0, Total Used:    0
=======================================================
Date: 3/20/2025, Time: 8:12
Cache Name: Main Texture Cache
Total Mem: -1096637825
Free Mem: -1096637825
 --- Slots ---
Width: 128, Height 128, Mips:  1, Stage:  0, Ref:    1, Used:    1
Width:  64, Height  64, Mips:  1, Stage:  0, Ref:    1, Used:    1
Width:  32, Height  32, Mips:  1, Stage:  0, Ref:    1, Used:    1
Width:  16, Height  16, Mips:  1, Stage:  0, Ref:    1, Used:    1
Total Ref:    4, Total Used:    4
=======================================================
Date: 3/20/2025, Time: 8:13
Cache Name: Lightmap Cache
Total Mem: 1066109824
Free Mem: 1066109824
 --- Slots ---
Total Ref:    0, Total Used:    0
=======================================================
Date: 3/20/2025, Time: 8:13
Cache Name: Main Texture Cache
Total Mem: -1096637825
Free Mem: -1096637825
 --- Slots ---
Width: 256, Height 256, Mips:  1, Stage:  0, Ref:    1, Used:    1
Width: 128, Height 128, Mips:  1, Stage:  0, Ref:    1, Used:    1
Width:  64, Height  64, Mips:  1, Stage:  0, Ref:    1, Used:    1
Width:  32, Height  32, Mips:  1, Stage:  0, Ref:    1, Used:    1
Total Ref:    4, Total Used:    4
=======================================================
Date: 3/20/2025, Time: 8:13
Cache Name: Lightmap Cache
Total Mem: 1066109824
Free Mem: 1066109824
 --- Slots ---
Total Ref:    0, Total Used:    0
=======================================================
Date: 3/20/2025, Time: 8:13
Cache Name: Main Texture Cache
Total Mem: -1096637825
Free Mem: -1096637825
 --- Slots ---
Width: 128, Height 128, Mips:  1, Stage:  0, Ref:    1, Used:    1
Width:  64, Height  64, Mips:  1, Stage:  0, Ref:    1, Used:    1
Width:  32, Height  32, Mips:  1, Stage:  0, Ref:    1, Used:    1
Width:  16, Height  16, Mips:  1, Stage:  0, Ref:    1, Used:    1
Total Ref:    4, Total Used:    4
=======================================================
Date: 3/20/2025, Time: 8:13
Cache Name: Lightmap Cache
Total Mem: 1066109824
Free Mem: 1066109824
 --- Slots ---
Total Ref:    0, Total Used:    0
=======================================================
Date: 3/20/2025, Time: 8:13
Cache Name: Main Texture Cache
Total Mem: -1096637825
Free Mem: -1096637825
 --- Slots ---
Width: 128, Height 128, Mips:  1, Stage:  0, Ref:    2, Used:    2
Width:  64, Height  64, Mips:  1, Stage:  0, Ref:    3, Used:    3
Width:  32, Height  32, Mips:  1, Stage:  0, Ref:    4, Used:    4
Width:  16, Height  16, Mips:  1, Stage:  0, Ref:    4, Used:    4
Width:   8, Height   8, Mips:  1, Stage:  0, Ref:    2, Used:    2
Width:   4, Height   4, Mips:  1, Stage:  0, Ref:    1, Used:    1
Total Ref:   16, Total Used:   16
