d:\genesis and jet3d\jstudio_classic11_2023\source\objects\corona\debug\coronaobj.bsc
d:\genesis and jet3d\jstudio_classic11_2023\source\objects\corona\debug\vc143.pdb
d:\genesis and jet3d\jstudio_classic11_2023\source\objects\corona\debug\vc143.idb
d:\genesis and jet3d\jstudio_classic11_2023\source\objects\corona\debug\corona.sbr
d:\genesis and jet3d\jstudio_classic11_2023\source\objects\corona\debug\objectdef.sbr
d:\genesis and jet3d\jstudio_classic11_2023\source\objects\corona\debug\objutil.sbr
d:\genesis and jet3d\jstudio_classic11_2023\source\objects\corona\debug\objutil.obj
d:\genesis and jet3d\jstudio_classic11_2023\source\objects\corona\debug\objectdef.obj
d:\genesis and jet3d\jstudio_classic11_2023\source\objects\corona\debug\corona.obj
d:\genesis and jet3d\jstudio_classic11_2023\source\objects\corona\debug\coronaobj.ilk
d:\genesis and jet3d\jstudio_classic11_2023\bin\objects\coronaobj.ddl
d:\genesis and jet3d\jstudio_classic11_2023\source\objects\corona\debug\coronaobj.map
d:\genesis and jet3d\jstudio_classic11_2023\source\objects\corona\debug\coronaobj.pdb
d:\genesis and jet3d\jstudio_classic11_2023\source\objects\corona\debug\coronaobj.lib
d:\genesis and jet3d\jstudio_classic11_2023\source\objects\corona\debug\coronaobj.exp
d:\genesis and jet3d\jstudio_classic11_2023\source\objects\corona\debug\corona.res
d:\genesis and jet3d\jstudio_classic11_2023\source\objects\corona\debug\coronaobj.tlog\bscmake.command.1.tlog
d:\genesis and jet3d\jstudio_classic11_2023\source\objects\corona\debug\coronaobj.tlog\bscmake.read.1.tlog
d:\genesis and jet3d\jstudio_classic11_2023\source\objects\corona\debug\coronaobj.tlog\bscmake.write.1.tlog
d:\genesis and jet3d\jstudio_classic11_2023\source\objects\corona\debug\coronaobj.tlog\cl.command.1.tlog
d:\genesis and jet3d\jstudio_classic11_2023\source\objects\corona\debug\coronaobj.tlog\cl.read.1.tlog
d:\genesis and jet3d\jstudio_classic11_2023\source\objects\corona\debug\coronaobj.tlog\cl.write.1.tlog
d:\genesis and jet3d\jstudio_classic11_2023\source\objects\corona\debug\coronaobj.tlog\link.command.1.tlog
d:\genesis and jet3d\jstudio_classic11_2023\source\objects\corona\debug\coronaobj.tlog\link.read.1.tlog
d:\genesis and jet3d\jstudio_classic11_2023\source\objects\corona\debug\coronaobj.tlog\link.write.1.tlog
d:\genesis and jet3d\jstudio_classic11_2023\source\objects\corona\debug\coronaobj.tlog\link.write.2u.tlog
d:\genesis and jet3d\jstudio_classic11_2023\source\objects\corona\debug\coronaobj.tlog\rc.command.1.tlog
d:\genesis and jet3d\jstudio_classic11_2023\source\objects\corona\debug\coronaobj.tlog\rc.read.1.tlog
d:\genesis and jet3d\jstudio_classic11_2023\source\objects\corona\debug\coronaobj.tlog\rc.write.1.tlog
