d:\genesis and jet3d\jstudio_classic11_2023\source\objects\pulsinglight\debug\vc143.pdb
d:\genesis and jet3d\jstudio_classic11_2023\source\objects\pulsinglight\debug\vc143.idb
d:\genesis and jet3d\jstudio_classic11_2023\source\objects\pulsinglight\debug\pulsinglight.obj
d:\genesis and jet3d\jstudio_classic11_2023\source\objects\pulsinglight\debug\objectdef.obj
d:\genesis and jet3d\jstudio_classic11_2023\bin\objects\pulsinglightobj.ddl
d:\genesis and jet3d\jstudio_classic11_2023\source\objects\pulsinglight\debug\pulsinglightobj.map
d:\genesis and jet3d\jstudio_classic11_2023\source\objects\pulsinglight\debug\pulsinglightobj.pdb
d:\genesis and jet3d\jstudio_classic11_2023\source\objects\pulsinglight\debug\pulsinglightobj.lib
d:\genesis and jet3d\jstudio_classic11_2023\source\objects\pulsinglight\debug\pulsinglightobj.exp
d:\genesis and jet3d\jstudio_classic11_2023\source\objects\pulsinglight\debug\pulsinglight.res
d:\genesis and jet3d\jstudio_classic11_2023\source\objects\pulsinglight\debug\pulsinglightobj.tlog\cl.command.1.tlog
d:\genesis and jet3d\jstudio_classic11_2023\source\objects\pulsinglight\debug\pulsinglightobj.tlog\cl.read.1.tlog
d:\genesis and jet3d\jstudio_classic11_2023\source\objects\pulsinglight\debug\pulsinglightobj.tlog\cl.write.1.tlog
d:\genesis and jet3d\jstudio_classic11_2023\source\objects\pulsinglight\debug\pulsinglightobj.tlog\link.command.1.tlog
d:\genesis and jet3d\jstudio_classic11_2023\source\objects\pulsinglight\debug\pulsinglightobj.tlog\link.read.1.tlog
d:\genesis and jet3d\jstudio_classic11_2023\source\objects\pulsinglight\debug\pulsinglightobj.tlog\link.write.1.tlog
d:\genesis and jet3d\jstudio_classic11_2023\source\objects\pulsinglight\debug\pulsinglightobj.tlog\link.write.2u.tlog
d:\genesis and jet3d\jstudio_classic11_2023\source\objects\pulsinglight\debug\pulsinglightobj.tlog\rc.command.1.tlog
d:\genesis and jet3d\jstudio_classic11_2023\source\objects\pulsinglight\debug\pulsinglightobj.tlog\rc.read.1.tlog
d:\genesis and jet3d\jstudio_classic11_2023\source\objects\pulsinglight\debug\pulsinglightobj.tlog\rc.write.1.tlog
