d:\genesis and jet3d\jstudio_classic11_2023\bin\jet3dclassic11d.bsc
d:\genesis and jet3d\jstudio_classic11_2023\source\engine\jetengine\debug\camera.sbr
d:\genesis and jet3d\jstudio_classic11_2023\source\engine\jetengine\debug\object.sbr
d:\genesis and jet3d\jstudio_classic11_2023\source\engine\jetengine\debug\oggstream.sbr
d:\genesis and jet3d\jstudio_classic11_2023\source\engine\jetengine\debug\report.sbr
d:\genesis and jet3d\jstudio_classic11_2023\source\engine\jetengine\debug\sound.sbr
d:\genesis and jet3d\jstudio_classic11_2023\source\engine\jetengine\debug\sound3d.sbr
d:\genesis and jet3d\jstudio_classic11_2023\source\engine\jetengine\debug\tclip.sbr
d:\genesis and jet3d\jstudio_classic11_2023\source\engine\jetengine\debug\timer.sbr
d:\genesis and jet3d\jstudio_classic11_2023\source\engine\jetengine\debug\tsc.sbr
d:\genesis and jet3d\jstudio_classic11_2023\source\engine\jetengine\debug\uvmap.sbr
d:\genesis and jet3d\jstudio_classic11_2023\source\engine\jetengine\debug\actor.sbr
d:\genesis and jet3d\jstudio_classic11_2023\source\engine\jetengine\debug\actorobj.sbr
d:\genesis and jet3d\jstudio_classic11_2023\source\engine\jetengine\debug\body.sbr
d:\genesis and jet3d\jstudio_classic11_2023\source\engine\jetengine\debug\bodyinst.sbr
d:\genesis and jet3d\jstudio_classic11_2023\source\engine\jetengine\debug\motion.sbr
d:\genesis and jet3d\jstudio_classic11_2023\source\engine\jetengine\debug\path.sbr
d:\genesis and jet3d\jstudio_classic11_2023\source\engine\jetengine\debug\pose.sbr
d:\genesis and jet3d\jstudio_classic11_2023\source\engine\jetengine\debug\puppet.sbr
d:\genesis and jet3d\jstudio_classic11_2023\source\engine\jetengine\debug\qkframe.sbr
d:\genesis and jet3d\jstudio_classic11_2023\source\engine\jetengine\debug\strblock.sbr
d:\genesis and jet3d\jstudio_classic11_2023\source\engine\jetengine\debug\strblock.obj
d:\genesis and jet3d\jstudio_classic11_2023\source\engine\jetengine\debug\qkframe.obj
d:\genesis and jet3d\jstudio_classic11_2023\source\engine\jetengine\debug\puppet.obj
d:\genesis and jet3d\jstudio_classic11_2023\source\engine\jetengine\debug\pose.obj
d:\genesis and jet3d\jstudio_classic11_2023\source\engine\jetengine\debug\path.obj
d:\genesis and jet3d\jstudio_classic11_2023\source\engine\jetengine\debug\motion.obj
d:\genesis and jet3d\jstudio_classic11_2023\source\engine\jetengine\debug\bodyinst.obj
d:\genesis and jet3d\jstudio_classic11_2023\source\engine\jetengine\debug\body.obj
d:\genesis and jet3d\jstudio_classic11_2023\source\engine\jetengine\debug\actorobj.obj
d:\genesis and jet3d\jstudio_classic11_2023\source\engine\jetengine\debug\actor.obj
d:\genesis and jet3d\jstudio_classic11_2023\source\engine\jetengine\debug\uvmap.obj
d:\genesis and jet3d\jstudio_classic11_2023\source\engine\jetengine\debug\tsc.obj
d:\genesis and jet3d\jstudio_classic11_2023\source\engine\jetengine\debug\timer.obj
d:\genesis and jet3d\jstudio_classic11_2023\source\engine\jetengine\debug\tclip.obj
d:\genesis and jet3d\jstudio_classic11_2023\source\engine\jetengine\debug\sound3d.obj
d:\genesis and jet3d\jstudio_classic11_2023\source\engine\jetengine\debug\sound.obj
d:\genesis and jet3d\jstudio_classic11_2023\source\engine\jetengine\debug\report.obj
d:\genesis and jet3d\jstudio_classic11_2023\source\engine\jetengine\debug\oggstream.obj
d:\genesis and jet3d\jstudio_classic11_2023\source\engine\jetengine\debug\object.obj
d:\genesis and jet3d\jstudio_classic11_2023\source\engine\jetengine\debug\camera.obj
d:\genesis and jet3d\jstudio_classic11_2023\source\engine\jetengine\debug\tkarray.sbr
d:\genesis and jet3d\jstudio_classic11_2023\source\engine\jetengine\debug\tkevents.sbr
d:\genesis and jet3d\jstudio_classic11_2023\source\engine\jetengine\debug\vkframe.sbr
d:\genesis and jet3d\jstudio_classic11_2023\source\engine\jetengine\debug\xfarray.sbr
d:\genesis and jet3d\jstudio_classic11_2023\source\engine\jetengine\debug\jebsp.sbr
d:\genesis and jet3d\jstudio_classic11_2023\source\engine\jetengine\debug\jebsp_brush.sbr
d:\genesis and jet3d\jstudio_classic11_2023\source\engine\jetengine\debug\jebsp_topbrush.sbr
d:\genesis and jet3d\jstudio_classic11_2023\source\engine\jetengine\debug\jebspnode.sbr
d:\genesis and jet3d\jstudio_classic11_2023\source\engine\jetengine\debug\jebspnode_area.sbr
d:\genesis and jet3d\jstudio_classic11_2023\source\engine\jetengine\debug\jebspnode_drawface.sbr
d:\genesis and jet3d\jstudio_classic11_2023\source\engine\jetengine\debug\jebspnode_face.sbr
d:\genesis and jet3d\jstudio_classic11_2023\source\engine\jetengine\debug\jebspnode_leaf.sbr
d:\genesis and jet3d\jstudio_classic11_2023\source\engine\jetengine\debug\jebspnode_light.sbr
d:\genesis and jet3d\jstudio_classic11_2023\source\engine\jetengine\debug\jebspnode_portal.sbr
d:\genesis and jet3d\jstudio_classic11_2023\source\engine\jetengine\debug\bitmaplist.sbr
d:\genesis and jet3d\jstudio_classic11_2023\source\engine\jetengine\debug\engine.sbr
d:\genesis and jet3d\jstudio_classic11_2023\source\engine\jetengine\debug\fontbmp.sbr
d:\genesis and jet3d\jstudio_classic11_2023\source\engine\jetengine\debug\jepolymgr.sbr
d:\genesis and jet3d\jstudio_classic11_2023\source\engine\jetengine\debug\jetexture.sbr
d:\genesis and jet3d\jstudio_classic11_2023\source\engine\jetengine\debug\splash_bmp.sbr
d:\genesis and jet3d\jstudio_classic11_2023\source\engine\jetengine\debug\splash_bmp.obj
d:\genesis and jet3d\jstudio_classic11_2023\source\engine\jetengine\debug\jetexture.obj
d:\genesis and jet3d\jstudio_classic11_2023\source\engine\jetengine\debug\jepolymgr.obj
d:\genesis and jet3d\jstudio_classic11_2023\source\engine\jetengine\debug\fontbmp.obj
d:\genesis and jet3d\jstudio_classic11_2023\source\engine\jetengine\debug\engine.obj
d:\genesis and jet3d\jstudio_classic11_2023\source\engine\jetengine\debug\bitmaplist.obj
d:\genesis and jet3d\jstudio_classic11_2023\source\engine\jetengine\debug\jebspnode_portal.obj
d:\genesis and jet3d\jstudio_classic11_2023\source\engine\jetengine\debug\jebspnode_light.obj
d:\genesis and jet3d\jstudio_classic11_2023\source\engine\jetengine\debug\jebspnode_leaf.obj
d:\genesis and jet3d\jstudio_classic11_2023\source\engine\jetengine\debug\jebspnode_face.obj
d:\genesis and jet3d\jstudio_classic11_2023\source\engine\jetengine\debug\jebspnode_drawface.obj
d:\genesis and jet3d\jstudio_classic11_2023\source\engine\jetengine\debug\jebspnode_area.obj
d:\genesis and jet3d\jstudio_classic11_2023\source\engine\jetengine\debug\jebspnode.obj
d:\genesis and jet3d\jstudio_classic11_2023\source\engine\jetengine\debug\jebsp_topbrush.obj
d:\genesis and jet3d\jstudio_classic11_2023\source\engine\jetengine\debug\jebsp_brush.obj
d:\genesis and jet3d\jstudio_classic11_2023\source\engine\jetengine\debug\jebsp.obj
d:\genesis and jet3d\jstudio_classic11_2023\source\engine\jetengine\debug\xfarray.obj
d:\genesis and jet3d\jstudio_classic11_2023\source\engine\jetengine\debug\vkframe.obj
d:\genesis and jet3d\jstudio_classic11_2023\source\engine\jetengine\debug\tkevents.obj
d:\genesis and jet3d\jstudio_classic11_2023\source\engine\jetengine\debug\tkarray.obj
d:\genesis and jet3d\jstudio_classic11_2023\source\engine\jetengine\debug\d3d_ddmemmgr.sbr
d:\genesis and jet3d\jstudio_classic11_2023\source\engine\jetengine\debug\d3d_err.sbr
d:\genesis and jet3d\jstudio_classic11_2023\source\engine\jetengine\debug\d3d_fx.sbr
d:\genesis and jet3d\jstudio_classic11_2023\source\engine\jetengine\debug\d3d_gspan.sbr
d:\genesis and jet3d\jstudio_classic11_2023\source\engine\jetengine\debug\d3d_main.sbr
d:\genesis and jet3d\jstudio_classic11_2023\source\engine\jetengine\debug\d3d_pcache.sbr
d:\genesis and jet3d\jstudio_classic11_2023\source\engine\jetengine\debug\d3d_render.sbr
d:\genesis and jet3d\jstudio_classic11_2023\source\engine\jetengine\debug\d3d_scene.sbr
d:\genesis and jet3d\jstudio_classic11_2023\source\engine\jetengine\debug\d3d_thandle.sbr
d:\genesis and jet3d\jstudio_classic11_2023\source\engine\jetengine\debug\d3d_tpage.sbr
d:\genesis and jet3d\jstudio_classic11_2023\source\engine\jetengine\debug\d3dcache.sbr
d:\genesis and jet3d\jstudio_classic11_2023\source\engine\jetengine\debug\d3ddrv.sbr
d:\genesis and jet3d\jstudio_classic11_2023\source\engine\jetengine\debug\jebrush.sbr
d:\genesis and jet3d\jstudio_classic11_2023\source\engine\jetengine\debug\jefaceinfo.sbr
d:\genesis and jet3d\jstudio_classic11_2023\source\engine\jetengine\debug\jefrustum.sbr
d:\genesis and jet3d\jstudio_classic11_2023\source\engine\jetengine\debug\jegarray.sbr
d:\genesis and jet3d\jstudio_classic11_2023\source\engine\jetengine\debug\jeindexpoly.sbr
d:\genesis and jet3d\jstudio_classic11_2023\source\engine\jetengine\debug\jelight.sbr
d:\genesis and jet3d\jstudio_classic11_2023\source\engine\jetengine\debug\jematerial.sbr
d:\genesis and jet3d\jstudio_classic11_2023\source\engine\jetengine\debug\jematerialspec.sbr
d:\genesis and jet3d\jstudio_classic11_2023\source\engine\jetengine\debug\jematerialspec.obj
d:\genesis and jet3d\jstudio_classic11_2023\source\engine\jetengine\debug\jematerial.obj
d:\genesis and jet3d\jstudio_classic11_2023\source\engine\jetengine\debug\jelight.obj
d:\genesis and jet3d\jstudio_classic11_2023\source\engine\jetengine\debug\jeindexpoly.obj
d:\genesis and jet3d\jstudio_classic11_2023\source\engine\jetengine\debug\jegarray.obj
d:\genesis and jet3d\jstudio_classic11_2023\source\engine\jetengine\debug\jefrustum.obj
d:\genesis and jet3d\jstudio_classic11_2023\source\engine\jetengine\debug\jefaceinfo.obj
d:\genesis and jet3d\jstudio_classic11_2023\source\engine\jetengine\debug\jebrush.obj
d:\genesis and jet3d\jstudio_classic11_2023\source\engine\jetengine\debug\d3ddrv.obj
d:\genesis and jet3d\jstudio_classic11_2023\source\engine\jetengine\debug\d3dcache.obj
d:\genesis and jet3d\jstudio_classic11_2023\source\engine\jetengine\debug\d3d_tpage.obj
d:\genesis and jet3d\jstudio_classic11_2023\source\engine\jetengine\debug\d3d_thandle.obj
d:\genesis and jet3d\jstudio_classic11_2023\source\engine\jetengine\debug\d3d_scene.obj
d:\genesis and jet3d\jstudio_classic11_2023\source\engine\jetengine\debug\d3d_render.obj
d:\genesis and jet3d\jstudio_classic11_2023\source\engine\jetengine\debug\d3d_pcache.obj
d:\genesis and jet3d\jstudio_classic11_2023\source\engine\jetengine\debug\d3d_main.obj
d:\genesis and jet3d\jstudio_classic11_2023\source\engine\jetengine\debug\d3d_gspan.obj
d:\genesis and jet3d\jstudio_classic11_2023\source\engine\jetengine\debug\d3d_fx.obj
d:\genesis and jet3d\jstudio_classic11_2023\source\engine\jetengine\debug\d3d_err.obj
d:\genesis and jet3d\jstudio_classic11_2023\source\engine\jetengine\debug\d3d_ddmemmgr.obj
d:\genesis and jet3d\jstudio_classic11_2023\source\engine\jetengine\debug\jemodel.sbr
d:\genesis and jet3d\jstudio_classic11_2023\source\engine\jetengine\debug\jeplane.sbr
d:\genesis and jet3d\jstudio_classic11_2023\source\engine\jetengine\debug\jeplanearray.sbr
d:\genesis and jet3d\jstudio_classic11_2023\source\engine\jetengine\debug\jepoly.sbr
d:\genesis and jet3d\jstudio_classic11_2023\source\engine\jetengine\debug\jeportal.sbr
d:\genesis and jet3d\jstudio_classic11_2023\source\engine\jetengine\debug\jestaticmesh.sbr
d:\genesis and jet3d\jstudio_classic11_2023\source\engine\jetengine\debug\jetexvec.sbr
d:\genesis and jet3d\jstudio_classic11_2023\source\engine\jetengine\debug\jeuserpoly.sbr
d:\genesis and jet3d\jstudio_classic11_2023\source\engine\jetengine\debug\jevertarray.sbr
d:\genesis and jet3d\jstudio_classic11_2023\source\engine\jetengine\debug\jeworld.sbr
d:\genesis and jet3d\jstudio_classic11_2023\source\engine\jetengine\debug\visobject.sbr
d:\genesis and jet3d\jstudio_classic11_2023\source\engine\jetengine\debug\asmxform3d.sbr
d:\genesis and jet3d\jstudio_classic11_2023\source\engine\jetengine\debug\box.sbr
d:\genesis and jet3d\jstudio_classic11_2023\source\engine\jetengine\debug\crc32.sbr
d:\genesis and jet3d\jstudio_classic11_2023\source\engine\jetengine\debug\extbox.sbr
d:\genesis and jet3d\jstudio_classic11_2023\source\engine\jetengine\debug\jeray.sbr
d:\genesis and jet3d\jstudio_classic11_2023\source\engine\jetengine\debug\jevec3d_katmai.sbr
d:\genesis and jet3d\jstudio_classic11_2023\source\engine\jetengine\debug\objectpos.sbr
d:\genesis and jet3d\jstudio_classic11_2023\source\engine\jetengine\debug\quatern.sbr
d:\genesis and jet3d\jstudio_classic11_2023\source\engine\jetengine\debug\vec2d.sbr
d:\genesis and jet3d\jstudio_classic11_2023\source\engine\jetengine\debug\vec2d.obj
d:\genesis and jet3d\jstudio_classic11_2023\source\engine\jetengine\debug\quatern.obj
d:\genesis and jet3d\jstudio_classic11_2023\source\engine\jetengine\debug\objectpos.obj
d:\genesis and jet3d\jstudio_classic11_2023\source\engine\jetengine\debug\jevec3d_katmai.obj
d:\genesis and jet3d\jstudio_classic11_2023\source\engine\jetengine\debug\jeray.obj
d:\genesis and jet3d\jstudio_classic11_2023\source\engine\jetengine\debug\extbox.obj
d:\genesis and jet3d\jstudio_classic11_2023\source\engine\jetengine\debug\crc32.obj
d:\genesis and jet3d\jstudio_classic11_2023\source\engine\jetengine\debug\box.obj
d:\genesis and jet3d\jstudio_classic11_2023\source\engine\jetengine\debug\asmxform3d.obj
d:\genesis and jet3d\jstudio_classic11_2023\source\engine\jetengine\debug\visobject.obj
d:\genesis and jet3d\jstudio_classic11_2023\source\engine\jetengine\debug\jeworld.obj
d:\genesis and jet3d\jstudio_classic11_2023\source\engine\jetengine\debug\jevertarray.obj
d:\genesis and jet3d\jstudio_classic11_2023\source\engine\jetengine\debug\jeuserpoly.obj
d:\genesis and jet3d\jstudio_classic11_2023\source\engine\jetengine\debug\jetexvec.obj
d:\genesis and jet3d\jstudio_classic11_2023\source\engine\jetengine\debug\jestaticmesh.obj
d:\genesis and jet3d\jstudio_classic11_2023\source\engine\jetengine\debug\jeportal.obj
d:\genesis and jet3d\jstudio_classic11_2023\source\engine\jetengine\debug\jepoly.obj
d:\genesis and jet3d\jstudio_classic11_2023\source\engine\jetengine\debug\jeplanearray.obj
d:\genesis and jet3d\jstudio_classic11_2023\source\engine\jetengine\debug\jeplane.obj
d:\genesis and jet3d\jstudio_classic11_2023\source\engine\jetengine\debug\jemodel.obj
d:\genesis and jet3d\jstudio_classic11_2023\source\engine\jetengine\debug\vec3d.sbr
d:\genesis and jet3d\jstudio_classic11_2023\source\engine\jetengine\debug\xform3d.sbr
d:\genesis and jet3d\jstudio_classic11_2023\source\engine\jetengine\debug\part.sbr
d:\genesis and jet3d\jstudio_classic11_2023\source\engine\jetengine\debug\spring.sbr
d:\genesis and jet3d\jstudio_classic11_2023\source\engine\jetengine\debug\array.sbr
d:\genesis and jet3d\jstudio_classic11_2023\source\engine\jetengine\debug\cpu.sbr
d:\genesis and jet3d\jstudio_classic11_2023\source\engine\jetengine\debug\errorlog.sbr
d:\genesis and jet3d\jstudio_classic11_2023\source\engine\jetengine\debug\jeassert.sbr
d:\genesis and jet3d\jstudio_classic11_2023\source\engine\jetengine\debug\jechain.sbr
d:\genesis and jet3d\jstudio_classic11_2023\source\engine\jetengine\debug\jememallocinfo.sbr
d:\genesis and jet3d\jstudio_classic11_2023\source\engine\jetengine\debug\jenamemgr.sbr
d:\genesis and jet3d\jstudio_classic11_2023\source\engine\jetengine\debug\jeproperty.sbr
d:\genesis and jet3d\jstudio_classic11_2023\source\engine\jetengine\debug\jeptrmgr.sbr
d:\genesis and jet3d\jstudio_classic11_2023\source\engine\jetengine\debug\jeresource.sbr
d:\genesis and jet3d\jstudio_classic11_2023\source\engine\jetengine\debug\log.sbr
d:\genesis and jet3d\jstudio_classic11_2023\source\engine\jetengine\debug\mempool.sbr
d:\genesis and jet3d\jstudio_classic11_2023\source\engine\jetengine\debug\ram.sbr
d:\genesis and jet3d\jstudio_classic11_2023\source\engine\jetengine\debug\threadlog.sbr
d:\genesis and jet3d\jstudio_classic11_2023\source\engine\jetengine\debug\threadqueue.sbr
d:\genesis and jet3d\jstudio_classic11_2023\source\engine\jetengine\debug\util.sbr
d:\genesis and jet3d\jstudio_classic11_2023\source\engine\jetengine\debug\util.obj
d:\genesis and jet3d\jstudio_classic11_2023\source\engine\jetengine\debug\threadqueue.obj
d:\genesis and jet3d\jstudio_classic11_2023\source\engine\jetengine\debug\threadlog.obj
d:\genesis and jet3d\jstudio_classic11_2023\source\engine\jetengine\debug\ram.obj
d:\genesis and jet3d\jstudio_classic11_2023\source\engine\jetengine\debug\mempool.obj
d:\genesis and jet3d\jstudio_classic11_2023\source\engine\jetengine\debug\log.obj
d:\genesis and jet3d\jstudio_classic11_2023\source\engine\jetengine\debug\jeresource.obj
d:\genesis and jet3d\jstudio_classic11_2023\source\engine\jetengine\debug\jeptrmgr.obj
d:\genesis and jet3d\jstudio_classic11_2023\source\engine\jetengine\debug\jeproperty.obj
d:\genesis and jet3d\jstudio_classic11_2023\source\engine\jetengine\debug\jenamemgr.obj
d:\genesis and jet3d\jstudio_classic11_2023\source\engine\jetengine\debug\jememallocinfo.obj
d:\genesis and jet3d\jstudio_classic11_2023\source\engine\jetengine\debug\jechain.obj
d:\genesis and jet3d\jstudio_classic11_2023\source\engine\jetengine\debug\jeassert.obj
d:\genesis and jet3d\jstudio_classic11_2023\source\engine\jetengine\debug\errorlog.obj
d:\genesis and jet3d\jstudio_classic11_2023\source\engine\jetengine\debug\cpu.obj
d:\genesis and jet3d\jstudio_classic11_2023\source\engine\jetengine\debug\array.obj
d:\genesis and jet3d\jstudio_classic11_2023\source\engine\jetengine\debug\spring.obj
d:\genesis and jet3d\jstudio_classic11_2023\source\engine\jetengine\debug\part.obj
d:\genesis and jet3d\jstudio_classic11_2023\source\engine\jetengine\debug\xform3d.obj
d:\genesis and jet3d\jstudio_classic11_2023\source\engine\jetengine\debug\vec3d.obj
d:\genesis and jet3d\jstudio_classic11_2023\source\engine\jetengine\debug\fsinet.sbr
d:\genesis and jet3d\jstudio_classic11_2023\source\engine\jetengine\debug\quad.sbr
d:\genesis and jet3d\jstudio_classic11_2023\source\engine\jetengine\debug\terrain.sbr
d:\genesis and jet3d\jstudio_classic11_2023\source\engine\jetengine\debug\jeparticle.sbr
d:\genesis and jet3d\jstudio_classic11_2023\source\engine\jetengine\debug\mp3mgr.sbr
d:\genesis and jet3d\jstudio_classic11_2023\source\engine\jetengine\debug\videomgr.sbr
d:\genesis and jet3d\jstudio_classic11_2023\source\engine\jetengine\debug\videomgr.obj
d:\genesis and jet3d\jstudio_classic11_2023\source\engine\jetengine\debug\mp3mgr.obj
d:\genesis and jet3d\jstudio_classic11_2023\source\engine\jetengine\debug\jeparticle.obj
d:\genesis and jet3d\jstudio_classic11_2023\source\engine\jetengine\debug\terrain.obj
d:\genesis and jet3d\jstudio_classic11_2023\source\engine\jetengine\debug\quad.obj
d:\genesis and jet3d\jstudio_classic11_2023\source\engine\jetengine\debug\fsinet.obj
d:\genesis and jet3d\jstudio_classic11_2023\source\engine\jetengine\debug\list.sbr
d:\genesis and jet3d\jstudio_classic11_2023\source\engine\jetengine\debug\bitmap.sbr
d:\genesis and jet3d\jstudio_classic11_2023\source\engine\jetengine\debug\bitmap_blitdata.sbr
d:\genesis and jet3d\jstudio_classic11_2023\source\engine\jetengine\debug\bitmap_gamma.sbr
d:\genesis and jet3d\jstudio_classic11_2023\source\engine\jetengine\debug\pixelformat.sbr
d:\genesis and jet3d\jstudio_classic11_2023\source\engine\jetengine\debug\arithc.sbr
d:\genesis and jet3d\jstudio_classic11_2023\source\engine\jetengine\debug\codealphas.sbr
d:\genesis and jet3d\jstudio_classic11_2023\source\engine\jetengine\debug\codeimage.sbr
d:\genesis and jet3d\jstudio_classic11_2023\source\engine\jetengine\debug\codepal.sbr
d:\genesis and jet3d\jstudio_classic11_2023\source\engine\jetengine\debug\coder.sbr
d:\genesis and jet3d\jstudio_classic11_2023\source\engine\jetengine\debug\coder_bp.sbr
d:\genesis and jet3d\jstudio_classic11_2023\source\engine\jetengine\debug\coder_bpb2.sbr
d:\genesis and jet3d\jstudio_classic11_2023\source\engine\jetengine\debug\coder_bpbf.sbr
d:\genesis and jet3d\jstudio_classic11_2023\source\engine\jetengine\debug\coder_bpbfr.sbr
d:\genesis and jet3d\jstudio_classic11_2023\source\engine\jetengine\debug\coder_bpbfrl.sbr
d:\genesis and jet3d\jstudio_classic11_2023\source\engine\jetengine\debug\coder_f.sbr
d:\genesis and jet3d\jstudio_classic11_2023\source\engine\jetengine\debug\coder_f2.sbr
d:\genesis and jet3d\jstudio_classic11_2023\source\engine\jetengine\debug\coder_f3.sbr
d:\genesis and jet3d\jstudio_classic11_2023\source\engine\jetengine\debug\codeutil.sbr
d:\genesis and jet3d\jstudio_classic11_2023\source\engine\jetengine\debug\colorconv.sbr
d:\genesis and jet3d\jstudio_classic11_2023\source\engine\jetengine\debug\colorconv.obj
d:\genesis and jet3d\jstudio_classic11_2023\source\engine\jetengine\debug\codeutil.obj
d:\genesis and jet3d\jstudio_classic11_2023\source\engine\jetengine\debug\coder_f3.obj
d:\genesis and jet3d\jstudio_classic11_2023\source\engine\jetengine\debug\coder_f2.obj
d:\genesis and jet3d\jstudio_classic11_2023\source\engine\jetengine\debug\coder_f.obj
d:\genesis and jet3d\jstudio_classic11_2023\source\engine\jetengine\debug\coder_bpbfrl.obj
d:\genesis and jet3d\jstudio_classic11_2023\source\engine\jetengine\debug\coder_bpbfr.obj
d:\genesis and jet3d\jstudio_classic11_2023\source\engine\jetengine\debug\coder_bpbf.obj
d:\genesis and jet3d\jstudio_classic11_2023\source\engine\jetengine\debug\coder_bpb2.obj
d:\genesis and jet3d\jstudio_classic11_2023\source\engine\jetengine\debug\coder_bp.obj
d:\genesis and jet3d\jstudio_classic11_2023\source\engine\jetengine\debug\coder.obj
d:\genesis and jet3d\jstudio_classic11_2023\source\engine\jetengine\debug\codepal.obj
d:\genesis and jet3d\jstudio_classic11_2023\source\engine\jetengine\debug\codeimage.obj
d:\genesis and jet3d\jstudio_classic11_2023\source\engine\jetengine\debug\codealphas.obj
d:\genesis and jet3d\jstudio_classic11_2023\source\engine\jetengine\debug\arithc.obj
d:\genesis and jet3d\jstudio_classic11_2023\source\engine\jetengine\debug\pixelformat.obj
d:\genesis and jet3d\jstudio_classic11_2023\source\engine\jetengine\debug\bitmap_gamma.obj
d:\genesis and jet3d\jstudio_classic11_2023\source\engine\jetengine\debug\bitmap_blitdata.obj
d:\genesis and jet3d\jstudio_classic11_2023\source\engine\jetengine\debug\bitmap.obj
d:\genesis and jet3d\jstudio_classic11_2023\source\engine\jetengine\debug\list.obj
d:\genesis and jet3d\jstudio_classic11_2023\source\engine\jetengine\debug\context.sbr
d:\genesis and jet3d\jstudio_classic11_2023\source\engine\jetengine\debug\huffa.sbr
d:\genesis and jet3d\jstudio_classic11_2023\source\engine\jetengine\debug\huffman2.sbr
d:\genesis and jet3d\jstudio_classic11_2023\source\engine\jetengine\debug\image.sbr
d:\genesis and jet3d\jstudio_classic11_2023\source\engine\jetengine\debug\intmath.sbr
d:\genesis and jet3d\jstudio_classic11_2023\source\engine\jetengine\debug\katcache.sbr
d:\genesis and jet3d\jstudio_classic11_2023\source\engine\jetengine\debug\ladder.sbr
d:\genesis and jet3d\jstudio_classic11_2023\source\engine\jetengine\debug\lbitio.sbr
d:\genesis and jet3d\jstudio_classic11_2023\source\engine\jetengine\debug\lza.sbr
d:\genesis and jet3d\jstudio_classic11_2023\source\engine\jetengine\debug\lzh.sbr
d:\genesis and jet3d\jstudio_classic11_2023\source\engine\jetengine\debug\o0coder.sbr
d:\genesis and jet3d\jstudio_classic11_2023\source\engine\jetengine\debug\o1coder.sbr
d:\genesis and jet3d\jstudio_classic11_2023\source\engine\jetengine\debug\palcreate.sbr
d:\genesis and jet3d\jstudio_classic11_2023\source\engine\jetengine\debug\palettize.sbr
d:\genesis and jet3d\jstudio_classic11_2023\source\engine\jetengine\debug\paloptimize.sbr
d:\genesis and jet3d\jstudio_classic11_2023\source\engine\jetengine\debug\rungae.sbr
d:\genesis and jet3d\jstudio_classic11_2023\source\engine\jetengine\debug\rungo1.sbr
d:\genesis and jet3d\jstudio_classic11_2023\source\engine\jetengine\debug\runtrans.sbr
d:\genesis and jet3d\jstudio_classic11_2023\source\engine\jetengine\debug\scontext.sbr
d:\genesis and jet3d\jstudio_classic11_2023\source\engine\jetengine\debug\sortpal.sbr
d:\genesis and jet3d\jstudio_classic11_2023\source\engine\jetengine\debug\sortpal.obj
d:\genesis and jet3d\jstudio_classic11_2023\source\engine\jetengine\debug\scontext.obj
d:\genesis and jet3d\jstudio_classic11_2023\source\engine\jetengine\debug\runtrans.obj
d:\genesis and jet3d\jstudio_classic11_2023\source\engine\jetengine\debug\rungo1.obj
d:\genesis and jet3d\jstudio_classic11_2023\source\engine\jetengine\debug\rungae.obj
d:\genesis and jet3d\jstudio_classic11_2023\source\engine\jetengine\debug\paloptimize.obj
d:\genesis and jet3d\jstudio_classic11_2023\source\engine\jetengine\debug\palettize.obj
d:\genesis and jet3d\jstudio_classic11_2023\source\engine\jetengine\debug\palcreate.obj
d:\genesis and jet3d\jstudio_classic11_2023\source\engine\jetengine\debug\o1coder.obj
d:\genesis and jet3d\jstudio_classic11_2023\source\engine\jetengine\debug\o0coder.obj
d:\genesis and jet3d\jstudio_classic11_2023\source\engine\jetengine\debug\lzh.obj
d:\genesis and jet3d\jstudio_classic11_2023\source\engine\jetengine\debug\lza.obj
d:\genesis and jet3d\jstudio_classic11_2023\source\engine\jetengine\debug\lbitio.obj
d:\genesis and jet3d\jstudio_classic11_2023\source\engine\jetengine\debug\ladder.obj
d:\genesis and jet3d\jstudio_classic11_2023\source\engine\jetengine\debug\katcache.obj
d:\genesis and jet3d\jstudio_classic11_2023\source\engine\jetengine\debug\intmath.obj
d:\genesis and jet3d\jstudio_classic11_2023\source\engine\jetengine\debug\image.obj
d:\genesis and jet3d\jstudio_classic11_2023\source\engine\jetengine\debug\huffman2.obj
d:\genesis and jet3d\jstudio_classic11_2023\source\engine\jetengine\debug\huffa.obj
d:\genesis and jet3d\jstudio_classic11_2023\source\engine\jetengine\debug\context.obj
d:\genesis and jet3d\jstudio_classic11_2023\source\engine\jetengine\debug\sortpalx.sbr
d:\genesis and jet3d\jstudio_classic11_2023\source\engine\jetengine\debug\soz.sbr
d:\genesis and jet3d\jstudio_classic11_2023\source\engine\jetengine\debug\strutil.sbr
d:\genesis and jet3d\jstudio_classic11_2023\source\engine\jetengine\debug\tblock.sbr
d:\genesis and jet3d\jstudio_classic11_2023\source\engine\jetengine\debug\trans_bcw3.sbr
d:\genesis and jet3d\jstudio_classic11_2023\source\engine\jetengine\debug\trans_cdf22.sbr
d:\genesis and jet3d\jstudio_classic11_2023\source\engine\jetengine\debug\trans_cdf22q.sbr
d:\genesis and jet3d\jstudio_classic11_2023\source\engine\jetengine\debug\trans_cdf24.sbr
d:\genesis and jet3d\jstudio_classic11_2023\source\engine\jetengine\debug\trans_d4.sbr
d:\genesis and jet3d\jstudio_classic11_2023\source\engine\jetengine\debug\trans_l97.sbr
d:\genesis and jet3d\jstudio_classic11_2023\source\engine\jetengine\debug\trans_spt.sbr
d:\genesis and jet3d\jstudio_classic11_2023\source\engine\jetengine\debug\transform.sbr
d:\genesis and jet3d\jstudio_classic11_2023\source\engine\jetengine\debug\utility.sbr
d:\genesis and jet3d\jstudio_classic11_2023\source\engine\jetengine\debug\wavelet.sbr
d:\genesis and jet3d\jstudio_classic11_2023\source\engine\jetengine\debug\yuv.sbr
d:\genesis and jet3d\jstudio_classic11_2023\source\engine\jetengine\debug\dirtree.sbr
d:\genesis and jet3d\jstudio_classic11_2023\source\engine\jetengine\debug\fsdos.sbr
d:\genesis and jet3d\jstudio_classic11_2023\source\engine\jetengine\debug\fsfakenet.sbr
d:\genesis and jet3d\jstudio_classic11_2023\source\engine\jetengine\debug\fslz.sbr
d:\genesis and jet3d\jstudio_classic11_2023\source\engine\jetengine\debug\fsmemory.sbr
d:\genesis and jet3d\jstudio_classic11_2023\source\engine\jetengine\debug\fsmemory.obj
d:\genesis and jet3d\jstudio_classic11_2023\source\engine\jetengine\debug\fslz.obj
d:\genesis and jet3d\jstudio_classic11_2023\source\engine\jetengine\debug\fsfakenet.obj
d:\genesis and jet3d\jstudio_classic11_2023\source\engine\jetengine\debug\fsdos.obj
d:\genesis and jet3d\jstudio_classic11_2023\source\engine\jetengine\debug\dirtree.obj
d:\genesis and jet3d\jstudio_classic11_2023\source\engine\jetengine\debug\yuv.obj
d:\genesis and jet3d\jstudio_classic11_2023\source\engine\jetengine\debug\wavelet.obj
d:\genesis and jet3d\jstudio_classic11_2023\source\engine\jetengine\debug\utility.obj
d:\genesis and jet3d\jstudio_classic11_2023\source\engine\jetengine\debug\transform.obj
d:\genesis and jet3d\jstudio_classic11_2023\source\engine\jetengine\debug\trans_spt.obj
d:\genesis and jet3d\jstudio_classic11_2023\source\engine\jetengine\debug\trans_l97.obj
d:\genesis and jet3d\jstudio_classic11_2023\source\engine\jetengine\debug\trans_d4.obj
d:\genesis and jet3d\jstudio_classic11_2023\source\engine\jetengine\debug\trans_cdf24.obj
d:\genesis and jet3d\jstudio_classic11_2023\source\engine\jetengine\debug\trans_cdf22q.obj
d:\genesis and jet3d\jstudio_classic11_2023\source\engine\jetengine\debug\trans_cdf22.obj
d:\genesis and jet3d\jstudio_classic11_2023\source\engine\jetengine\debug\trans_bcw3.obj
d:\genesis and jet3d\jstudio_classic11_2023\source\engine\jetengine\debug\tblock.obj
d:\genesis and jet3d\jstudio_classic11_2023\source\engine\jetengine\debug\strutil.obj
d:\genesis and jet3d\jstudio_classic11_2023\source\engine\jetengine\debug\soz.obj
d:\genesis and jet3d\jstudio_classic11_2023\source\engine\jetengine\debug\sortpalx.obj
d:\genesis and jet3d\jstudio_classic11_2023\source\engine\jetengine\debug\fsvfs.sbr
d:\genesis and jet3d\jstudio_classic11_2023\source\engine\jetengine\debug\vfile.sbr
d:\genesis and jet3d\jstudio_classic11_2023\source\engine\jetengine\debug\vfile.obj
d:\genesis and jet3d\jstudio_classic11_2023\source\engine\jetengine\debug\fsvfs.obj
d:\genesis and jet3d\jstudio_classic11_2023\source\engine\jetengine\debug\cache3dn.obj
d:\genesis and jet3d\jstudio_classic11_2023\source\engine\jetengine\debug\rungasm.obj
d:\genesis and jet3d\jstudio_classic11_2023\source\engine\jetengine\debug\jet3dclassic11d.ilk
d:\genesis and jet3d\jstudio_classic11_2023\bin\jet3dclassic11d.dll
d:\genesis and jet3d\jstudio_classic11_2023\bin\jet3dclassic11d.map
d:\genesis and jet3d\jstudio_classic11_2023\bin\jet3dclassic11d.pdb
d:\genesis and jet3d\jstudio_classic11_2023\lib\jet3dclassic11d.lib
d:\genesis and jet3d\jstudio_classic11_2023\lib\jet3dclassic11d.exp
d:\genesis and jet3d\jstudio_classic11_2023\source\engine\jetengine\debug\jet.res
d:\genesis and jet3d\jstudio_classic11_2023\source\engine\jetengine\debug\jet3dclassic11.tlog\bscmake.command.1.tlog
d:\genesis and jet3d\jstudio_classic11_2023\source\engine\jetengine\debug\jet3dclassic11.tlog\bscmake.read.1.tlog
d:\genesis and jet3d\jstudio_classic11_2023\source\engine\jetengine\debug\jet3dclassic11.tlog\bscmake.write.1.tlog
d:\genesis and jet3d\jstudio_classic11_2023\source\engine\jetengine\debug\jet3dclassic11.tlog\cl.command.1.tlog
d:\genesis and jet3d\jstudio_classic11_2023\source\engine\jetengine\debug\jet3dclassic11.tlog\cl.read.1.tlog
d:\genesis and jet3d\jstudio_classic11_2023\source\engine\jetengine\debug\jet3dclassic11.tlog\cl.write.1.tlog
d:\genesis and jet3d\jstudio_classic11_2023\source\engine\jetengine\debug\jet3dclassic11.tlog\custombuild.command.1.tlog
d:\genesis and jet3d\jstudio_classic11_2023\source\engine\jetengine\debug\jet3dclassic11.tlog\custombuild.read.1.tlog
d:\genesis and jet3d\jstudio_classic11_2023\source\engine\jetengine\debug\jet3dclassic11.tlog\custombuild.write.1.tlog
d:\genesis and jet3d\jstudio_classic11_2023\source\engine\jetengine\debug\jet3dclassic11.tlog\link.command.1.tlog
d:\genesis and jet3d\jstudio_classic11_2023\source\engine\jetengine\debug\jet3dclassic11.tlog\link.read.1.tlog
d:\genesis and jet3d\jstudio_classic11_2023\source\engine\jetengine\debug\jet3dclassic11.tlog\link.write.1.tlog
d:\genesis and jet3d\jstudio_classic11_2023\source\engine\jetengine\debug\jet3dclassic11.tlog\link.write.2u.tlog
d:\genesis and jet3d\jstudio_classic11_2023\source\engine\jetengine\debug\jet3dclassic11.tlog\rc.command.1.tlog
d:\genesis and jet3d\jstudio_classic11_2023\source\engine\jetengine\debug\jet3dclassic11.tlog\rc.read.1.tlog
d:\genesis and jet3d\jstudio_classic11_2023\source\engine\jetengine\debug\jet3dclassic11.tlog\rc.write.1.tlog
