d:\genesis and jet3d\jstudio_classic11_2023\source\tools\jminapp\debug\jminappclassic11d.pch
d:\genesis and jet3d\jstudio_classic11_2023\source\tools\jminapp\debug\vc143.pdb
d:\genesis and jet3d\jstudio_classic11_2023\source\tools\jminapp\debug\vc143.idb
d:\genesis and jet3d\jstudio_classic11_2023\source\tools\jminapp\debug\stdafx.obj
d:\genesis and jet3d\jstudio_classic11_2023\source\tools\jminapp\debug\jetview.obj
d:\genesis and jet3d\jstudio_classic11_2023\source\tools\jminapp\debug\jminapp.obj
d:\genesis and jet3d\jstudio_classic11_2023\source\tools\jminapp\debug\mainfrm.obj
d:\genesis and jet3d\jstudio_classic11_2023\source\tools\jminapp\debug\jminappclassic11d.ilk
d:\genesis and jet3d\jstudio_classic11_2023\bin\jminappclassic11d.exe
d:\genesis and jet3d\jstudio_classic11_2023\bin\jminappclassic11d.pdb
d:\genesis and jet3d\jstudio_classic11_2023\source\tools\jminapp\debug\jminapp.res
d:\genesis and jet3d\jstudio_classic11_2023\source\tools\jminapp\debug\jminappclassic11.tlog\cl.command.1.tlog
d:\genesis and jet3d\jstudio_classic11_2023\source\tools\jminapp\debug\jminappclassic11.tlog\cl.read.1.tlog
d:\genesis and jet3d\jstudio_classic11_2023\source\tools\jminapp\debug\jminappclassic11.tlog\cl.write.1.tlog
d:\genesis and jet3d\jstudio_classic11_2023\source\tools\jminapp\debug\jminappclassic11.tlog\link.command.1.tlog
d:\genesis and jet3d\jstudio_classic11_2023\source\tools\jminapp\debug\jminappclassic11.tlog\link.read.1.tlog
d:\genesis and jet3d\jstudio_classic11_2023\source\tools\jminapp\debug\jminappclassic11.tlog\link.write.1.tlog
d:\genesis and jet3d\jstudio_classic11_2023\source\tools\jminapp\debug\jminappclassic11.tlog\rc.command.1.tlog
d:\genesis and jet3d\jstudio_classic11_2023\source\tools\jminapp\debug\jminappclassic11.tlog\rc.read.1.tlog
d:\genesis and jet3d\jstudio_classic11_2023\source\tools\jminapp\debug\jminappclassic11.tlog\rc.write.1.tlog
