C:\Program Files\Microsoft Visual Studio\2022\Community\MSBuild\Microsoft\VC\v170\Microsoft.CppBuild.targets(520,5): warning MSB8004: Output Directory does not end with a trailing slash.  This build instance will add the slash as it is required to allow proper evaluation of the Output Directory.
  Actor.c
  Body.c
  discontinue this?
  LOD code goes here:
  BodyInst.c
  Motion.c
  do we want to copy these before returning them?
  finish this
  finish this
  finish this
  Path.c
  Pose.c
  could optimize a name binded setPose by caching the mapping from motionpath[i] to joint[j]
  could optimize this by looping two ways (min(jointcount,pathcount))
  Puppet.c
C:\Users\Chris\Styx3D\include\Genesis.h(24,10): error C1083: Cannot open include file: 'SDL2/SDL.h': No such file or directory
  (compiling source file '../../OpenSource/Source/Actor/Actor.c')
  
C:\Users\Chris\Styx3D\OpenSource\Source\Actor\Body.c(201,11): warning C4311: 'type cast': pointer truncation from 'geBitmap *' to 'uint32'
C:\Users\Chris\Styx3D\OpenSource\Source\Actor\Body.c(1094,6): error C4996: 'sprintf': This function or variable may be unsafe. Consider using sprintf_s instead. To disable deprecation, use _CRT_SECURE_NO_WARNINGS. See online help for details.
C:\Users\Chris\Styx3D\OpenSource\Source\Actor\Body.c(1263,6): error C4996: 'sprintf': This function or variable may be unsafe. Consider using sprintf_s instead. To disable deprecation, use _CRT_SECURE_NO_WARNINGS. See online help for details.
C:\Users\Chris\Styx3D\OpenSource\Source\Actor\BodyInst.h(39,10): error C1083: Cannot open include file: 'Camera.h': No such file or directory
  (compiling source file '../../OpenSource/Source/Actor/BodyInst.c')
  
C:\Users\Chris\Styx3D\OpenSource\Source\Actor\Motion.c(111,12): warning C4267: 'function': conversion from 'size_t' to 'uint32', possible loss of data
C:\Users\Chris\Styx3D\OpenSource\Source\Actor\Motion.c(122,2): error C4996: 'strcpy': This function or variable may be unsafe. Consider using strcpy_s instead. To disable deprecation, use _CRT_SECURE_NO_WARNINGS. See online help for details.
C:\Users\Chris\Styx3D\OpenSource\Source\Actor\Motion.c(1560,12): warning C4013: 'strncasecmp' undefined; assuming extern returning int
C:\Users\Chris\Styx3D\OpenSource\Source\Actor\Motion.c(1586,57): warning C4477: 'sscanf' : format string '%d' requires an argument of type 'int *', but variadic argument 1 has type 'geBoolean *'
C:\Users\Chris\Styx3D\OpenSource\Source\Actor\Motion.c(1534,7): error C4996: 'sscanf': This function or variable may be unsafe. Consider using sscanf_s instead. To disable deprecation, use _CRT_SECURE_NO_WARNINGS. See online help for details.
C:\Users\Chris\Styx3D\OpenSource\Source\Actor\Motion.c(1567,29): warning C4267: 'initializing': conversion from 'size_t' to 'int', possible loss of data
C:\Users\Chris\Styx3D\OpenSource\Source\Actor\Motion.c(1586,8): error C4996: 'sscanf': This function or variable may be unsafe. Consider using sscanf_s instead. To disable deprecation, use _CRT_SECURE_NO_WARNINGS. See online help for details.
C:\Users\Chris\Styx3D\OpenSource\Source\Actor\Motion.c(1595,8): error C4996: 'sscanf': This function or variable may be unsafe. Consider using sscanf_s instead. To disable deprecation, use _CRT_SECURE_NO_WARNINGS. See online help for details.
C:\Users\Chris\Styx3D\OpenSource\Source\Actor\Motion.c(1604,8): error C4996: 'sscanf': This function or variable may be unsafe. Consider using sscanf_s instead. To disable deprecation, use _CRT_SECURE_NO_WARNINGS. See online help for details.
C:\Users\Chris\Styx3D\OpenSource\Source\Actor\Motion.c(1614,8): error C4996: 'sscanf': This function or variable may be unsafe. Consider using sscanf_s instead. To disable deprecation, use _CRT_SECURE_NO_WARNINGS. See online help for details.
C:\Users\Chris\Styx3D\OpenSource\Source\Actor\Motion.c(1633,8): error C4996: 'sscanf': This function or variable may be unsafe. Consider using sscanf_s instead. To disable deprecation, use _CRT_SECURE_NO_WARNINGS. See online help for details.
C:\Users\Chris\Styx3D\OpenSource\Source\Actor\Motion.c(1652,8): error C4996: 'sscanf': This function or variable may be unsafe. Consider using sscanf_s instead. To disable deprecation, use _CRT_SECURE_NO_WARNINGS. See online help for details.
C:\Users\Chris\Styx3D\OpenSource\Source\Actor\Motion.c(2139,23): warning C4267: '=': conversion from 'size_t' to 'uint32', possible loss of data
C:\Users\Chris\Styx3D\OpenSource\Source\Actor\Path.c(36,9): warning C4005: 'min': macro redefinition
      C:\Users\Chris\Styx3D\include\BaseType.h(97,9):
      see previous definition of 'min'
  
C:\Users\Chris\Styx3D\OpenSource\Source\Actor\Path.c(37,9): warning C4005: 'max': macro redefinition
      C:\Users\Chris\Styx3D\include\BaseType.h(101,9):
      see previous definition of 'max'
  
C:\Users\Chris\Styx3D\OpenSource\Source\Actor\Path.c(1079,6): warning C4013: 'strncasecmp' undefined; assuming extern returning int
C:\Users\Chris\Styx3D\OpenSource\Source\Actor\Path.c(1052,6): error C4996: 'sscanf': This function or variable may be unsafe. Consider using sscanf_s instead. To disable deprecation, use _CRT_SECURE_NO_WARNINGS. See online help for details.
C:\Users\Chris\Styx3D\OpenSource\Source\Actor\Path.c(1081,7): error C4996: 'sscanf': This function or variable may be unsafe. Consider using sscanf_s instead. To disable deprecation, use _CRT_SECURE_NO_WARNINGS. See online help for details.
C:\Users\Chris\Styx3D\OpenSource\Source\Actor\Path.c(1090,7): error C4996: 'sscanf': This function or variable may be unsafe. Consider using sscanf_s instead. To disable deprecation, use _CRT_SECURE_NO_WARNINGS. See online help for details.
C:\Users\Chris\Styx3D\OpenSource\Source\Actor\Path.c(1099,7): error C4996: 'sscanf': This function or variable may be unsafe. Consider using sscanf_s instead. To disable deprecation, use _CRT_SECURE_NO_WARNINGS. See online help for details.
C:\Users\Chris\Styx3D\OpenSource\Source\Actor\Path.c(1111,7): error C4996: 'sscanf': This function or variable may be unsafe. Consider using sscanf_s instead. To disable deprecation, use _CRT_SECURE_NO_WARNINGS. See online help for details.
C:\Users\Chris\Styx3D\OpenSource\Source\Actor\Path.c(1184,8): error C4996: 'sscanf': This function or variable may be unsafe. Consider using sscanf_s instead. To disable deprecation, use _CRT_SECURE_NO_WARNINGS. See online help for details.
C:\Users\Chris\Styx3D\OpenSource\Source\Actor\Path.c(1264,5): error C4996: 'sscanf': This function or variable may be unsafe. Consider using sscanf_s instead. To disable deprecation, use _CRT_SECURE_NO_WARNINGS. See online help for details.
C:\Users\Chris\Styx3D\OpenSource\Source\Actor\Path.c(1277,5): error C4996: 'sscanf': This function or variable may be unsafe. Consider using sscanf_s instead. To disable deprecation, use _CRT_SECURE_NO_WARNINGS. See online help for details.
C:\Users\Chris\Styx3D\OpenSource\Source\Actor\Path.c(1288,5): error C4996: 'sscanf': This function or variable may be unsafe. Consider using sscanf_s instead. To disable deprecation, use _CRT_SECURE_NO_WARNINGS. See online help for details.
C:\Users\Chris\Styx3D\OpenSource\Source\Actor\Path.c(1333,6): error C4996: 'sscanf': This function or variable may be unsafe. Consider using sscanf_s instead. To disable deprecation, use _CRT_SECURE_NO_WARNINGS. See online help for details.
C:\Users\Chris\Styx3D\OpenSource\Source\Actor\Path.c(1360,7): error C4996: 'sscanf': This function or variable may be unsafe. Consider using sscanf_s instead. To disable deprecation, use _CRT_SECURE_NO_WARNINGS. See online help for details.
C:\Users\Chris\Styx3D\OpenSource\Source\Actor\Path.c(1367,9): error C4996: 'sscanf': This function or variable may be unsafe. Consider using sscanf_s instead. To disable deprecation, use _CRT_SECURE_NO_WARNINGS. See online help for details.
C:\Users\Chris\Styx3D\OpenSource\Source\Actor\Path.c(1390,7): error C4996: 'sscanf': This function or variable may be unsafe. Consider using sscanf_s instead. To disable deprecation, use _CRT_SECURE_NO_WARNINGS. See online help for details.
C:\Users\Chris\Styx3D\OpenSource\Source\Actor\Path.c(1397,9): error C4996: 'sscanf': This function or variable may be unsafe. Consider using sscanf_s instead. To disable deprecation, use _CRT_SECURE_NO_WARNINGS. See online help for details.
C:\Users\Chris\Styx3D\include\Genesis.h(24,10): error C1083: Cannot open include file: 'SDL2/SDL.h': No such file or directory
  (compiling source file '../../OpenSource/Source/Actor/Puppet.c')
  
  QKFrame.c
C:\Users\Chris\Styx3D\OpenSource\Source\Actor\QKFrame.c(525,6): error C4996: 'sscanf': This function or variable may be unsafe. Consider using sscanf_s instead. To disable deprecation, use _CRT_SECURE_NO_WARNINGS. See online help for details.
C:\Users\Chris\Styx3D\OpenSource\Source\Actor\QKFrame.c(562,6): error C4996: 'sscanf': This function or variable may be unsafe. Consider using sscanf_s instead. To disable deprecation, use _CRT_SECURE_NO_WARNINGS. See online help for details.
C:\Users\Chris\Styx3D\OpenSource\Source\Actor\QKFrame.c(600,6): error C4996: 'sscanf': This function or variable may be unsafe. Consider using sscanf_s instead. To disable deprecation, use _CRT_SECURE_NO_WARNINGS. See online help for details.
C:\Users\Chris\Styx3D\OpenSource\Source\Actor\QKFrame.c(818,5): warning C4013: 'strncasecmp' undefined; assuming extern returning int
C:\Users\Chris\Styx3D\OpenSource\Source\Actor\QKFrame.c(821,5): error C4996: 'sscanf': This function or variable may be unsafe. Consider using sscanf_s instead. To disable deprecation, use _CRT_SECURE_NO_WARNINGS. See online help for details.
C:\Users\Chris\Styx3D\OpenSource\Source\Actor\QKFrame.c(854,8): error C4996: 'sscanf': This function or variable may be unsafe. Consider using sscanf_s instead. To disable deprecation, use _CRT_SECURE_NO_WARNINGS. See online help for details.
C:\Users\Chris\Styx3D\OpenSource\Source\Actor\QKFrame.c(869,14): error C4996: 'sscanf': This function or variable may be unsafe. Consider using sscanf_s instead. To disable deprecation, use _CRT_SECURE_NO_WARNINGS. See online help for details.
C:\Users\Chris\Styx3D\OpenSource\Source\Actor\QKFrame.c(875,14): error C4996: 'sscanf': This function or variable may be unsafe. Consider using sscanf_s instead. To disable deprecation, use _CRT_SECURE_NO_WARNINGS. See online help for details.
C:\Users\Chris\Styx3D\OpenSource\Source\Actor\QKFrame.c(889,10): error C4996: 'sscanf': This function or variable may be unsafe. Consider using sscanf_s instead. To disable deprecation, use _CRT_SECURE_NO_WARNINGS. See online help for details.
C:\Users\Chris\Styx3D\OpenSource\Source\Actor\QKFrame.c(900,14): error C4996: 'sscanf': This function or variable may be unsafe. Consider using sscanf_s instead. To disable deprecation, use _CRT_SECURE_NO_WARNINGS. See online help for details.
C:\Users\Chris\Styx3D\OpenSource\Source\Actor\QKFrame.c(905,14): error C4996: 'sscanf': This function or variable may be unsafe. Consider using sscanf_s instead. To disable deprecation, use _CRT_SECURE_NO_WARNINGS. See online help for details.
  StrBlock.c
C:\Users\Chris\Styx3D\OpenSource\Source\Actor\StrBlock.c(65,10): warning C4267: '=': conversion from 'size_t' to 'int', possible loss of data
C:\Users\Chris\Styx3D\OpenSource\Source\Actor\StrBlock.c(114,29): warning C4267: 'return': conversion from 'size_t' to 'int', possible loss of data
C:\Users\Chris\Styx3D\OpenSource\Source\Actor\StrBlock.c(132,29): warning C4267: '=': conversion from 'size_t' to 'int', possible loss of data
C:\Users\Chris\Styx3D\OpenSource\Source\Actor\StrBlock.c(146,80): warning C4267: '+=': conversion from 'size_t' to 'int', possible loss of data
C:\Users\Chris\Styx3D\OpenSource\Source\Actor\StrBlock.c(333,19): warning C4267: 'function': conversion from 'size_t' to 'uint32', possible loss of data
C:\Users\Chris\Styx3D\OpenSource\Source\Actor\StrBlock.c(361,3): error C4996: 'strcpy': This function or variable may be unsafe. Consider using strcpy_s instead. To disable deprecation, use _CRT_SECURE_NO_WARNINGS. See online help for details.
C:\Users\Chris\Styx3D\OpenSource\Source\Actor\StrBlock.c(447,12): warning C4013: 'strncasecmp' undefined; assuming extern returning int
C:\Users\Chris\Styx3D\OpenSource\Source\Actor\StrBlock.c(429,7): error C4996: 'sscanf': This function or variable may be unsafe. Consider using sscanf_s instead. To disable deprecation, use _CRT_SECURE_NO_WARNINGS. See online help for details.
C:\Users\Chris\Styx3D\OpenSource\Source\Actor\StrBlock.c(450,8): error C4996: 'sscanf': This function or variable may be unsafe. Consider using sscanf_s instead. To disable deprecation, use _CRT_SECURE_NO_WARNINGS. See online help for details.
C:\Users\Chris\Styx3D\OpenSource\Source\Actor\StrBlock.c(466,31): warning C4267: 'initializing': conversion from 'size_t' to 'int', possible loss of data
  TKArray.c
  TKEvents.c
C:\Users\Chris\Styx3D\OpenSource\Source\Actor\TKEvents.c(166,34): warning C4267: '=': conversion from 'size_t' to 'uint32', possible loss of data
C:\Users\Chris\Styx3D\OpenSource\Source\Actor\TKEvents.c(374,3): error C4996: 'sscanf': This function or variable may be unsafe. Consider using sscanf_s instead. To disable deprecation, use _CRT_SECURE_NO_WARNINGS. See online help for details.
C:\Users\Chris\Styx3D\OpenSource\Source\Actor\TKEvents.c(383,6): error C4996: 'strncasecmp': The POSIX name for this item is deprecated. Instead, use the ISO C and C++ conformant name: _strnicmp. See online help for details.
C:\Users\Chris\Styx3D\OpenSource\Source\Actor\TKEvents.c(386,6): error C4996: 'sscanf': This function or variable may be unsafe. Consider using sscanf_s instead. To disable deprecation, use _CRT_SECURE_NO_WARNINGS. See online help for details.
C:\Users\Chris\Styx3D\OpenSource\Source\Actor\TKEvents.c(394,6): error C4996: 'strncasecmp': The POSIX name for this item is deprecated. Instead, use the ISO C and C++ conformant name: _strnicmp. See online help for details.
C:\Users\Chris\Styx3D\OpenSource\Source\Actor\TKEvents.c(397,6): error C4996: 'sscanf': This function or variable may be unsafe. Consider using sscanf_s instead. To disable deprecation, use _CRT_SECURE_NO_WARNINGS. See online help for details.
C:\Users\Chris\Styx3D\OpenSource\Source\Actor\TKEvents.c(419,7): error C4996: 'sscanf': This function or variable may be unsafe. Consider using sscanf_s instead. To disable deprecation, use _CRT_SECURE_NO_WARNINGS. See online help for details.
C:\Users\Chris\Styx3D\OpenSource\Source\Actor\TKEvents.c(431,33): warning C4267: 'initializing': conversion from 'size_t' to 'int', possible loss of data
C:\Users\Chris\Styx3D\OpenSource\Source\Actor\TKEvents.c(437,4): error C4996: 'strcpy': This function or variable may be unsafe. Consider using strcpy_s instead. To disable deprecation, use _CRT_SECURE_NO_WARNINGS. See online help for details.
  VKFrame.c
C:\Users\Chris\Styx3D\OpenSource\Source\Actor\VKFrame.c(426,6): error C4996: 'sscanf': This function or variable may be unsafe. Consider using sscanf_s instead. To disable deprecation, use _CRT_SECURE_NO_WARNINGS. See online help for details.
C:\Users\Chris\Styx3D\OpenSource\Source\Actor\VKFrame.c(463,6): error C4996: 'sscanf': This function or variable may be unsafe. Consider using sscanf_s instead. To disable deprecation, use _CRT_SECURE_NO_WARNINGS. See online help for details.
C:\Users\Chris\Styx3D\OpenSource\Source\Actor\VKFrame.c(579,5): warning C4013: 'strncasecmp' undefined; assuming extern returning int
C:\Users\Chris\Styx3D\OpenSource\Source\Actor\VKFrame.c(582,5): error C4996: 'sscanf': This function or variable may be unsafe. Consider using sscanf_s instead. To disable deprecation, use _CRT_SECURE_NO_WARNINGS. See online help for details.
C:\Users\Chris\Styx3D\OpenSource\Source\Actor\VKFrame.c(605,8): error C4996: 'sscanf': This function or variable may be unsafe. Consider using sscanf_s instead. To disable deprecation, use _CRT_SECURE_NO_WARNINGS. See online help for details.
C:\Users\Chris\Styx3D\OpenSource\Source\Actor\VKFrame.c(618,10): error C4996: 'sscanf': This function or variable may be unsafe. Consider using sscanf_s instead. To disable deprecation, use _CRT_SECURE_NO_WARNINGS. See online help for details.
C:\Users\Chris\Styx3D\OpenSource\Source\Actor\VKFrame.c(625,10): error C4996: 'sscanf': This function or variable may be unsafe. Consider using sscanf_s instead. To disable deprecation, use _CRT_SECURE_NO_WARNINGS. See online help for details.
  XFArray.c
  Bitmap.c
C:\Users\Chris\Styx3D\OpenSource\Source\Bitmap\Bitmap.c(1494,24): warning C4311: 'type cast': pointer truncation from 'geRDriver_PixelFormat *' to 'uint32'
C:\Users\Chris\Styx3D\OpenSource\Source\Bitmap\Bitmap.c(1494,51): warning C4311: 'type cast': pointer truncation from 'geRDriver_PixelFormat [100]' to 'uint32'
  Bitmap : UsesColorKey : no 24bit Smart ColorKey
  Bitmap_AverageColor : doesn't support palettized yet!
  Bitmap_BlitData.c
C:\Users\Chris\Styx3D\OpenSource\Source\Bitmap\Bitmap_BlitData.c(48,10): error C1083: Cannot open include file: 'TSC.h': No such file or directory
  Bitmap_Gamma.c
C:\Program Files (x86)\Windows Kits\10\Include\10.0.22621.0\ucrt\stdlib.h(1282,17): warning C4005: 'max': macro redefinition
  (compiling source file '../../OpenSource/Source/Bitmap/Bitmap_Gamma.c')
      C:\Users\Chris\Styx3D\include\BaseType.h(101,9):
      see previous definition of 'max'
  
C:\Program Files (x86)\Windows Kits\10\Include\10.0.22621.0\ucrt\stdlib.h(1283,17): warning C4005: 'min': macro redefinition
  (compiling source file '../../OpenSource/Source/Bitmap/Bitmap_Gamma.c')
      C:\Users\Chris\Styx3D\include\BaseType.h(97,9):
      see previous definition of 'min'
  
C:\Users\Chris\Styx3D\OpenSource\Source\Bitmap\Bitmap_Gamma.c(237,5): warning C4311: 'type cast': pointer truncation from 'uint8 *' to 'int'
C:\Users\Chris\Styx3D\OpenSource\Source\Bitmap\Bitmap_Gamma.c(237,5): warning C4311: 'type cast': pointer truncation from 'void *' to 'int'
C:\Users\Chris\Styx3D\OpenSource\Source\Bitmap\Bitmap_Gamma.c(268,5): warning C4311: 'type cast': pointer truncation from 'uint16 *' to 'int'
C:\Users\Chris\Styx3D\OpenSource\Source\Bitmap\Bitmap_Gamma.c(268,5): warning C4311: 'type cast': pointer truncation from 'void *' to 'int'
C:\Users\Chris\Styx3D\OpenSource\Source\Bitmap\Bitmap_Gamma.c(304,5): warning C4311: 'type cast': pointer truncation from 'uint8 *' to 'int'
C:\Users\Chris\Styx3D\OpenSource\Source\Bitmap\Bitmap_Gamma.c(304,5): warning C4311: 'type cast': pointer truncation from 'void *' to 'int'
C:\Users\Chris\Styx3D\OpenSource\Source\Bitmap\Bitmap_Gamma.c(336,5): warning C4311: 'type cast': pointer truncation from 'uint32 *' to 'int'
C:\Users\Chris\Styx3D\OpenSource\Source\Bitmap\Bitmap_Gamma.c(336,5): warning C4311: 'type cast': pointer truncation from 'void *' to 'int'
C:\Users\Chris\Styx3D\OpenSource\Source\Bitmap\Bitmap_Gamma.c(360,5): warning C4311: 'type cast': pointer truncation from 'uint8 *' to 'int'
C:\Users\Chris\Styx3D\OpenSource\Source\Bitmap\Bitmap_Gamma.c(360,5): warning C4311: 'type cast': pointer truncation from 'void *' to 'int'
C:\Users\Chris\Styx3D\OpenSource\Source\Bitmap\Bitmap_Gamma.c(380,5): warning C4311: 'type cast': pointer truncation from 'uint16 *' to 'int'
C:\Users\Chris\Styx3D\OpenSource\Source\Bitmap\Bitmap_Gamma.c(380,5): warning C4311: 'type cast': pointer truncation from 'void *' to 'int'
C:\Users\Chris\Styx3D\OpenSource\Source\Bitmap\Bitmap_Gamma.c(403,5): warning C4311: 'type cast': pointer truncation from 'uint8 *' to 'int'
C:\Users\Chris\Styx3D\OpenSource\Source\Bitmap\Bitmap_Gamma.c(403,5): warning C4311: 'type cast': pointer truncation from 'void *' to 'int'
C:\Users\Chris\Styx3D\OpenSource\Source\Bitmap\Bitmap_Gamma.c(424,5): warning C4311: 'type cast': pointer truncation from 'uint32 *' to 'int'
C:\Users\Chris\Styx3D\OpenSource\Source\Bitmap\Bitmap_Gamma.c(424,5): warning C4311: 'type cast': pointer truncation from 'void *' to 'int'
C:\Users\Chris\Styx3D\OpenSource\Source\Bitmap\Bitmap_Gamma.c(502,2): warning C4311: 'type cast': pointer truncation from 'uint16 *' to 'int'
C:\Users\Chris\Styx3D\OpenSource\Source\Bitmap\Bitmap_Gamma.c(502,2): warning C4311: 'type cast': pointer truncation from 'void *' to 'int'
C:\Users\Chris\Styx3D\OpenSource\Source\Bitmap\Bitmap_Gamma.c(576,2): warning C4311: 'type cast': pointer truncation from 'uint16 *' to 'int'
C:\Users\Chris\Styx3D\OpenSource\Source\Bitmap\Bitmap_Gamma.c(576,2): warning C4311: 'type cast': pointer truncation from 'void *' to 'int'
  PalCreate.c
C:\Users\Chris\Styx3D\OpenSource\Source\Bitmap\Compression\PalCreate.c(87,10): error C1083: Cannot open include file: 'TSC.h': No such file or directory
  Palettize.c
C:\Users\Chris\Styx3D\OpenSource\Source\Bitmap\Compression\Palettize.c(468,10): warning C4311: 'type cast': pointer truncation from 'octNode *' to 'int'
C:\Users\Chris\Styx3D\OpenSource\Source\Bitmap\Compression\Palettize.c(477,2): warning C4311: 'type cast': pointer truncation from 'octNode *' to 'int'
C:\Users\Chris\Styx3D\OpenSource\Source\Bitmap\Compression\Palettize.c(479,10): warning C4311: 'type cast': pointer truncation from 'octNode *' to 'int'
C:\Users\Chris\Styx3D\OpenSource\Source\Bitmap\Compression\Palettize.c(549,20): warning C4312: 'type cast': conversion from 'int' to 'octNode *' of greater size
  PalOptimize.c
C:\Program Files (x86)\Windows Kits\10\Include\10.0.22621.0\ucrt\stdlib.h(1282,17): warning C4005: 'max': macro redefinition
  (compiling source file '../../OpenSource/Source/Bitmap/Compression/PalOptimize.c')
      C:\Users\Chris\Styx3D\include\BaseType.h(101,9):
      see previous definition of 'max'
  
C:\Program Files (x86)\Windows Kits\10\Include\10.0.22621.0\ucrt\stdlib.h(1283,17): warning C4005: 'min': macro redefinition
  (compiling source file '../../OpenSource/Source/Bitmap/Compression/PalOptimize.c')
      C:\Users\Chris\Styx3D\include\BaseType.h(97,9):
      see previous definition of 'min'
  
C:\Users\Chris\Styx3D\OpenSource\Source\Bitmap\Compression\PalOptimize.c(79,10): error C1083: Cannot open include file: 'TSC.h': No such file or directory
  YUV.c
C:\Program Files (x86)\Windows Kits\10\Include\10.0.22621.0\ucrt\stdlib.h(1282,17): warning C4005: 'max': macro redefinition
  (compiling source file '../../OpenSource/Source/Bitmap/Compression/YUV.c')
      C:\Users\Chris\Styx3D\include\BaseType.h(101,9):
      see previous definition of 'max'
  
C:\Program Files (x86)\Windows Kits\10\Include\10.0.22621.0\ucrt\stdlib.h(1283,17): warning C4005: 'min': macro redefinition
  (compiling source file '../../OpenSource/Source/Bitmap/Compression/YUV.c')
      C:\Users\Chris\Styx3D\include\BaseType.h(97,9):
      see previous definition of 'min'
  
  Generating Code...
C:\Users\Chris\Styx3D\OpenSource\Source\Bitmap\Bitmap.c(4721,1): error C4703: potentially uninitialized local pointer variable 'Bits' used
C:\Users\Chris\Styx3D\OpenSource\Source\Bitmap\Bitmap.c(3045,1): error C4703: potentially uninitialized local pointer variable 'SrcLock' used
C:\Users\Chris\Styx3D\OpenSource\Source\Bitmap\Bitmap.c(3046,1): error C4703: potentially uninitialized local pointer variable 'DstLock' used
  Compiling...
  PixelFormat.c
  Camera.c
C:\Program Files (x86)\Windows Kits\10\Include\10.0.22621.0\ucrt\stdlib.h(1282,17): warning C4005: 'max': macro redefinition
  (compiling source file '../../OpenSource/Source/Camera.c')
      C:\Users\Chris\Styx3D\include\BaseType.h(101,9):
      see previous definition of 'max'
  
C:\Program Files (x86)\Windows Kits\10\Include\10.0.22621.0\ucrt\stdlib.h(1283,17): warning C4005: 'min': macro redefinition
  (compiling source file '../../OpenSource/Source/Camera.c')
      C:\Users\Chris\Styx3D\include\BaseType.h(97,9):
      see previous definition of 'min'
  
  Camera.c : remove _FillDriverInfo, and thereby GlobalInfo!
  CSNetMgr.c
C:\Users\Chris\Styx3D\OpenSource\Source\CSNetMgr.c(25,10): error C1083: Cannot open include file: 'SDL2/SDL.h': No such file or directory
  drawbbox.c
C:\Users\Chris\Styx3D\OpenSource\Source\drawbbox.c(6,30): error C2143: syntax error: missing ')' before '*'
C:\Users\Chris\Styx3D\OpenSource\Source\drawbbox.c(6,30): error C2143: syntax error: missing '{' before '*'
C:\Users\Chris\Styx3D\OpenSource\Source\drawbbox.c(6,38): warning C4228: nonstandard extension used: qualifiers after comma in declarator list are ignored
C:\Users\Chris\Styx3D\OpenSource\Source\drawbbox.c(6,52): error C2143: syntax error: missing ';' before '*'
C:\Users\Chris\Styx3D\OpenSource\Source\drawbbox.c(6,59): error C2059: syntax error: ')'
C:\Users\Chris\Styx3D\OpenSource\Source\drawbbox.c(6,54): error C2054: expected '(' to follow 'Verts'
C:\Users\Chris\Styx3D\OpenSource\Source\drawbbox.c(25,27): error C2143: syntax error: missing ')' before '*'
C:\Users\Chris\Styx3D\OpenSource\Source\drawbbox.c(25,27): error C2143: syntax error: missing '{' before '*'
C:\Users\Chris\Styx3D\OpenSource\Source\drawbbox.c(25,35): warning C4228: nonstandard extension used: qualifiers after comma in declarator list are ignored
C:\Users\Chris\Styx3D\OpenSource\Source\drawbbox.c(25,49): error C2143: syntax error: missing ';' before '*'
C:\Users\Chris\Styx3D\OpenSource\Source\drawbbox.c(25,55): warning C4228: nonstandard extension used: qualifiers after comma in declarator list are ignored
C:\Users\Chris\Styx3D\OpenSource\Source\drawbbox.c(25,69): error C2143: syntax error: missing ';' before '*'
C:\Users\Chris\Styx3D\OpenSource\Source\drawbbox.c(25,75): warning C4228: nonstandard extension used: qualifiers after comma in declarator list are ignored
C:\Users\Chris\Styx3D\OpenSource\Source\drawbbox.c(25,89): error C2143: syntax error: missing ';' before '*'
C:\Users\Chris\Styx3D\OpenSource\Source\drawbbox.c(25,93): error C2059: syntax error: ')'
C:\Users\Chris\Styx3D\OpenSource\Source\drawbbox.c(25,90): error C2054: expected '(' to follow 'Max'
  BitmapList.c
C:\Users\Chris\Styx3D\OpenSource\Source\Engine\BitmapList.c(36,10): error C1083: Cannot open include file: 'List.h': No such file or directory
  Bmp.c
C:\Users\Chris\Styx3D\OpenSource\Source\Engine\Drivers\Bmp.c(71,8): error C4996: 'fopen': This function or variable may be unsafe. Consider using fopen_s instead. To disable deprecation, use _CRT_SECURE_NO_WARNINGS. See online help for details.
  Engine.c
C:\Users\Chris\Styx3D\OpenSource\Source\Engine\Engine.c(30,10): error C1083: Cannot open include file: 'SDL2/SDL.h': No such file or directory
  FontBMP.c
  Genesis3D.c
  A_Corona.c
  A_Streak.c
  Corona.c
  Electric.c
C:\Users\Chris\Styx3D\include\Genesis.h(24,10): error C1083: Cannot open include file: 'SDL2/SDL.h': No such file or directory
  (compiling source file '../../OpenSource/Source/Engine/Logo/Electric.c')
  
  Logo.c
C:\Users\Chris\Styx3D\OpenSource\Source\Engine\Logo\Logo.c(43,10): error C1083: Cannot open include file: 'SDL2/SDL.h': No such file or directory
  LogoActor.c
  PoweredBy.c
  Streak.c
  WebURL.c
  System.c
C:\Users\Chris\Styx3D\OpenSource\Source\Engine\System.c(24,10): error C1083: Cannot open include file: 'SDL2/SDL.h': No such file or directory
  Entities.c
C:\Users\Chris\Styx3D\include\Genesis.h(24,10): error C1083: Cannot open include file: 'SDL2/SDL.h': No such file or directory
  (compiling source file '../../OpenSource/Source/Entities/Entities.c')
  
  Generating Code...
  Compiling...
  Font.c
C:\Users\Chris\Styx3D\OpenSource\Source\Font\Font.c(24,10): error C1083: Cannot open include file: 'SDL2/SDL.h': No such file or directory
  WgClip.c
C:\Users\Chris\Styx3D\include\Genesis.h(24,10): error C1083: Cannot open include file: 'SDL2/SDL.h': No such file or directory
  (compiling source file '../../OpenSource/Source/Font/WgClip.c')
  
  Ge.c
C:\Users\Chris\Styx3D\OpenSource\Source\Ge.c(25,10): error C1083: Cannot open include file: 'SDL2/SDL.h': No such file or directory
  List.c
  using safe debug hash implementation
C:\Users\Chris\Styx3D\OpenSource\Source\List.c(1359,27): warning C4267: 'function': conversion from 'size_t' to 'uint32', possible loss of data
  Box.c
  crc32.c
  ExtBox.c
  Quatern.c
  Vec3D.c
  XForm3D.c
  NetPlay.c
C:\Users\Chris\Styx3D\OpenSource\Source\NetPlay.c(28,11): error C1083: Cannot open include file: 'dplay.h': No such file or directory
  Matrix33.c
  PhysicsJoint.c
  PhysicsObject.c
C:\Users\Chris\Styx3D\include\Genesis.h(24,10): error C1083: Cannot open include file: 'SDL2/SDL.h': No such file or directory
  (compiling source file '../../OpenSource/Source/Physics/PhysicsObject.c')
  
  PhysicsSystem.c
  Sound.c
C:\Users\Chris\Styx3D\OpenSource\Source\Sound.c(27,10): error C1083: Cannot open include file: 'SDL2/SDL.h': No such file or directory
  Sound3D.c
C:\Users\Chris\Styx3D\include\Genesis.h(24,10): error C1083: Cannot open include file: 'SDL2/SDL.h': No such file or directory
  (compiling source file '../../OpenSource/Source/Sound3D.c')
  
  ErrorLog.c
C:\Users\Chris\Styx3D\OpenSource\Source\Support\ErrorLog.c(29,10): error C1083: Cannot open include file: 'SDL2/SDL.h': No such file or directory
  GEAssert.c
C:\Users\Chris\Styx3D\include\Genesis.h(24,10): error C1083: Cannot open include file: 'SDL2/SDL.h': No such file or directory
  (compiling source file '../../OpenSource/Source/Support/GEAssert.c')
  
  Log.c
C:\Users\Chris\Styx3D\OpenSource\Source\Support\Log.c(30,10): error C1083: Cannot open include file: 'SDL2/SDL.h': No such file or directory
  Generating Code...
  Compiling...
  MemPool.c
  RAM.c
C:\Program Files (x86)\Windows Kits\10\Include\10.0.22621.0\ucrt\crtdbg.h(307,17): warning C4005: '_malloca': macro redefinition
  (compiling source file '../../OpenSource/Source/Support/RAM.c')
      C:\Program Files (x86)\Windows Kits\10\Include\10.0.22621.0\ucrt\malloc.h(120,17):
      see previous definition of '_malloca'
  
  RAMDLL.c
  XPlatUtils.c
C:\Users\Chris\Styx3D\OpenSource\Source\Support\XPlatUtils.c(4,10): error C1083: Cannot open include file: 'SDL2/SDL.h': No such file or directory
  TClip.c
C:\Users\Chris\Styx3D\include\Genesis.h(24,10): error C1083: Cannot open include file: 'SDL2/SDL.h': No such file or directory
  (compiling source file '../../OpenSource/Source/TClip.c')
  
  Timer.c
  timer OFF
  TSC.c
  TSC off
  DirTree.c
C:\Users\Chris\Styx3D\include\XPlatUtils.h(12,13): warning C4005: 'PATH_MAX': macro redefinition
  (compiling source file '../../OpenSource/Source/VFile/DirTree.c')
      C:\Users\Chris\Styx3D\OpenSource\Source\VFile\DirTree.c(29,10):
      see previous definition of 'PATH_MAX'
  
C:\Users\Chris\Styx3D\include\XPlatUtils.h(159,5): error C2061: syntax error: identifier 'DIR'
  (compiling source file '../../OpenSource/Source/VFile/DirTree.c')
  
C:\Users\Chris\Styx3D\include\XPlatUtils.h(161,1): error C2059: syntax error: '}'
  (compiling source file '../../OpenSource/Source/VFile/DirTree.c')
  
C:\Users\Chris\Styx3D\include\XPlatUtils.h(174,23): error C2143: syntax error: missing '{' before '*'
  (compiling source file '../../OpenSource/Source/VFile/DirTree.c')
  
C:\Users\Chris\Styx3D\include\XPlatUtils.h(175,68): error C2143: syntax error: missing ')' before '*'
  (compiling source file '../../OpenSource/Source/VFile/DirTree.c')
  
C:\Users\Chris\Styx3D\include\XPlatUtils.h(175,68): error C2143: syntax error: missing '{' before '*'
  (compiling source file '../../OpenSource/Source/VFile/DirTree.c')
  
C:\Users\Chris\Styx3D\include\XPlatUtils.h(175,95): error C2371: 'WIN32_FIND_DATA': redefinition; different basic types
  (compiling source file '../../OpenSource/Source/VFile/DirTree.c')
      C:\Program Files (x86)\Windows Kits\10\Include\10.0.22621.0\um\minwinbase.h(137,26):
      see declaration of 'WIN32_FIND_DATA'
  
C:\Users\Chris\Styx3D\include\XPlatUtils.h(175,125): error C2143: syntax error: missing ';' before '*'
  (compiling source file '../../OpenSource/Source/VFile/DirTree.c')
  
C:\Users\Chris\Styx3D\include\XPlatUtils.h(175,140): error C2059: syntax error: ')'
  (compiling source file '../../OpenSource/Source/VFile/DirTree.c')
  
C:\Users\Chris\Styx3D\include\XPlatUtils.h(176,68): error C2143: syntax error: missing ')' before '*'
  (compiling source file '../../OpenSource/Source/VFile/DirTree.c')
  
C:\Users\Chris\Styx3D\include\XPlatUtils.h(176,68): error C2143: syntax error: missing '{' before '*'
  (compiling source file '../../OpenSource/Source/VFile/DirTree.c')
  
C:\Users\Chris\Styx3D\include\XPlatUtils.h(176,78): error C2059: syntax error: ')'
  (compiling source file '../../OpenSource/Source/VFile/DirTree.c')
  
C:\Users\Chris\Styx3D\include\XPlatUtils.h(225,7): warning C4273: 'itoa': inconsistent dll linkage
  (compiling source file '../../OpenSource/Source/VFile/DirTree.c')
      C:\Program Files (x86)\Windows Kits\10\Include\10.0.22621.0\ucrt\stdlib.h(1316,28):
      see previous definition of 'itoa'
  
C:\Users\Chris\Styx3D\OpenSource\Source\VFile\DirTree.c(79,26): warning C4267: '=': conversion from 'size_t' to 'int', possible loss of data
C:\Users\Chris\Styx3D\OpenSource\Source\VFile\DirTree.c(145,30): warning C4267: '=': conversion from 'size_t' to 'int', possible loss of data
C:\Users\Chris\Styx3D\OpenSource\Source\VFile\DirTree.c(656,11): warning C4267: '=': conversion from 'size_t' to 'int', possible loss of data
  FSDisk.c
C:\Users\Chris\Styx3D\OpenSource\Source\VFile\FSDisk.c(13,10): error C1083: Cannot open include file: 'SDL2/SDL.h': No such file or directory
  FSDOS.c
C:\Users\Chris\Styx3D\OpenSource\Source\VFile\FSDOS.c(27,10): error C1083: Cannot open include file: 'SDL2/SDL.h': No such file or directory
  FSMemory.c
C:\Users\Chris\Styx3D\OpenSource\Source\VFile\FSMemory.c(232,30): warning C4244: '+=': conversion from '__int64' to 'int', possible loss of data
  FSVFS.c
C:\Users\Chris\Styx3D\OpenSource\Source\VFile\FSVFS.c(122,22): warning C4305: '=': truncation from 'int' to 'uint16'
C:\Users\Chris\Styx3D\OpenSource\Source\VFile\FSVFS.c(240,26): warning C4305: '=': truncation from 'int' to 'uint16'
C:\Users\Chris\Styx3D\OpenSource\Source\VFile\FSVFS.c(377,22): warning C4305: '=': truncation from 'int' to 'uint16'
C:\Users\Chris\Styx3D\OpenSource\Source\VFile\FSVFS.c(431,24): warning C4305: '=': truncation from 'int' to 'uint16'
  VFile.c
  Casting away const in geVFile_RegisterFileSystem
  Need to propagate returns through VFile_Close
C:\Users\Chris\Styx3D\OpenSource\Source\VFile\VFile.c(519,51): warning C4267: 'function': conversion from 'size_t' to 'int', possible loss of data
C:\Users\Chris\Styx3D\OpenSource\Source\VFile\VFile.c(516,2): error C4996: 'vsprintf': This function or variable may be unsafe. Consider using vsprintf_s instead. To disable deprecation, use _CRT_SECURE_NO_WARNINGS. See online help for details.
  Fog.c
  Frustum.c
C:\Users\Chris\Styx3D\OpenSource\Source\World\Frustum.c(32,10): error C1083: Cannot open include file: 'Camera.h': No such file or directory
  GBSPFile.c
C:\Program Files (x86)\Windows Kits\10\Include\10.0.22621.0\ucrt\stdlib.h(1282,17): warning C4005: 'max': macro redefinition
  (compiling source file '../../OpenSource/Source/World/GBSPFile.c')
      C:\Users\Chris\Styx3D\include\BaseType.h(101,9):
      see previous definition of 'max'
  
C:\Program Files (x86)\Windows Kits\10\Include\10.0.22621.0\ucrt\stdlib.h(1283,17): warning C4005: 'min': macro redefinition
  (compiling source file '../../OpenSource/Source/World/GBSPFile.c')
      C:\Users\Chris\Styx3D\include\BaseType.h(97,9):
      see previous definition of 'min'
  
C:\Users\Chris\Styx3D\include\Genesis.h(24,10): error C1083: Cannot open include file: 'SDL2/SDL.h': No such file or directory
  (compiling source file '../../OpenSource/Source/World/GBSPFile.c')
  
  Light.c
C:\Users\Chris\Styx3D\include\Genesis.h(24,10): error C1083: Cannot open include file: 'SDL2/SDL.h': No such file or directory
  (compiling source file '../../OpenSource/Source/World/Light.c')
  
  Plane.c
C:\Users\Chris\Styx3D\include\Genesis.h(24,10): error C1083: Cannot open include file: 'SDL2/SDL.h': No such file or directory
  (compiling source file '../../OpenSource/Source/World/Plane.c')
  
  Surface.c
C:\Users\Chris\Styx3D\include\Genesis.h(24,10): error C1083: Cannot open include file: 'SDL2/SDL.h': No such file or directory
  (compiling source file '../../OpenSource/Source/World/Surface.c')
  
  Trace.c
C:\Program Files (x86)\Windows Kits\10\Include\10.0.22621.0\ucrt\stdlib.h(1282,17): warning C4005: 'max': macro redefinition
  (compiling source file '../../OpenSource/Source/World/Trace.c')
      C:\Users\Chris\Styx3D\include\BaseType.h(101,9):
      see previous definition of 'max'
  
C:\Program Files (x86)\Windows Kits\10\Include\10.0.22621.0\ucrt\stdlib.h(1283,17): warning C4005: 'min': macro redefinition
  (compiling source file '../../OpenSource/Source/World/Trace.c')
      C:\Users\Chris\Styx3D\include\BaseType.h(97,9):
      see previous definition of 'min'
  
C:\Users\Chris\Styx3D\include\Genesis.h(24,10): error C1083: Cannot open include file: 'SDL2/SDL.h': No such file or directory
  (compiling source file '../../OpenSource/Source/World/Trace.c')
  
  Generating Code...
  Compiling...
  User.c
C:\Users\Chris\Styx3D\OpenSource\Source\World\User.c(32,10): error C1083: Cannot open include file: 'Camera.h': No such file or directory
  Vis.c
C:\Users\Chris\Styx3D\include\Genesis.h(24,10): error C1083: Cannot open include file: 'SDL2/SDL.h': No such file or directory
  (compiling source file '../../OpenSource/Source/World/Vis.c')
  
  WBitmap.c
C:\Program Files (x86)\Windows Kits\10\Include\10.0.22621.0\ucrt\stdlib.h(1282,17): warning C4005: 'max': macro redefinition
  (compiling source file '../../OpenSource/Source/World/WBitmap.c')
      C:\Users\Chris\Styx3D\include\BaseType.h(101,9):
      see previous definition of 'max'
  
C:\Program Files (x86)\Windows Kits\10\Include\10.0.22621.0\ucrt\stdlib.h(1283,17): warning C4005: 'min': macro redefinition
  (compiling source file '../../OpenSource/Source/World/WBitmap.c')
      C:\Users\Chris\Styx3D\include\BaseType.h(97,9):
      see previous definition of 'min'
  
C:\Users\Chris\Styx3D\OpenSource\Source\World\WBitmap.c(277,3): error C4996: 'strcpy': This function or variable may be unsafe. Consider using strcpy_s instead. To disable deprecation, use _CRT_SECURE_NO_WARNINGS. See online help for details.
  World.c
C:\Users\Chris\Styx3D\include\Genesis.h(24,10): error C1083: Cannot open include file: 'SDL2/SDL.h': No such file or directory
  (compiling source file '../../OpenSource/Source/World/World.c')
  
  Generating Code...
