d:\genesis and jet3d\jstudio_classic11_2023\source\tools\editor\debug\vc143.pdb
d:\genesis and jet3d\jstudio_classic11_2023\source\tools\editor\debug\vc143.idb
d:\genesis and jet3d\jstudio_classic11_2023\source\tools\editor\debug\matridx.obj
d:\genesis and jet3d\jstudio_classic11_2023\source\tools\editor\debug\matrarray.obj
d:\genesis and jet3d\jstudio_classic11_2023\source\tools\editor\debug\materials.obj
d:\genesis and jet3d\jstudio_classic11_2023\source\tools\editor\debug\materiallist2.obj
d:\genesis and jet3d\jstudio_classic11_2023\source\tools\editor\debug\materiallist.obj
d:\genesis and jet3d\jstudio_classic11_2023\source\tools\editor\debug\materialidentlist.obj
d:\genesis and jet3d\jstudio_classic11_2023\source\tools\editor\debug\lightlist.obj
d:\genesis and jet3d\jstudio_classic11_2023\source\tools\editor\debug\light.obj
d:\genesis and jet3d\jstudio_classic11_2023\source\tools\editor\debug\grouplist.obj
d:\genesis and jet3d\jstudio_classic11_2023\source\tools\editor\debug\group.obj
d:\genesis and jet3d\jstudio_classic11_2023\source\tools\editor\debug\facelist.obj
d:\genesis and jet3d\jstudio_classic11_2023\source\tools\editor\debug\draw3d.obj
d:\genesis and jet3d\jstudio_classic11_2023\source\tools\editor\debug\draw.obj
d:\genesis and jet3d\jstudio_classic11_2023\source\tools\editor\debug\descriptor.obj
d:\genesis and jet3d\jstudio_classic11_2023\source\tools\editor\debug\class.obj
d:\genesis and jet3d\jstudio_classic11_2023\source\tools\editor\debug\camobj.obj
d:\genesis and jet3d\jstudio_classic11_2023\source\tools\editor\debug\cameralist.obj
d:\genesis and jet3d\jstudio_classic11_2023\source\tools\editor\debug\brushtemplate.obj
d:\genesis and jet3d\jstudio_classic11_2023\source\tools\editor\debug\brushlist.obj
d:\genesis and jet3d\jstudio_classic11_2023\source\tools\editor\debug\brush.obj
d:\genesis and jet3d\jstudio_classic11_2023\source\tools\editor\debug\util.obj
d:\genesis and jet3d\jstudio_classic11_2023\source\tools\editor\debug\spawn.obj
d:\genesis and jet3d\jstudio_classic11_2023\source\tools\editor\debug\rect.obj
d:\genesis and jet3d\jstudio_classic11_2023\source\tools\editor\debug\jelist.obj
d:\genesis and jet3d\jstudio_classic11_2023\source\tools\editor\debug\drvlist.obj
d:\genesis and jet3d\jstudio_classic11_2023\source\tools\editor\debug\drawtool.obj
d:\genesis and jet3d\jstudio_classic11_2023\source\tools\editor\debug\dlist.obj
d:\genesis and jet3d\jstudio_classic11_2023\source\tools\editor\debug\bmp.obj
d:\genesis and jet3d\jstudio_classic11_2023\source\tools\editor\debug\vertlist.obj
d:\genesis and jet3d\jstudio_classic11_2023\source\tools\editor\debug\userobj.obj
d:\genesis and jet3d\jstudio_classic11_2023\source\tools\editor\debug\undo.obj
d:\genesis and jet3d\jstudio_classic11_2023\source\tools\editor\debug\transform.obj
d:\genesis and jet3d\jstudio_classic11_2023\source\tools\editor\debug\terrnobj.obj
d:\genesis and jet3d\jstudio_classic11_2023\source\tools\editor\debug\ternlist.obj
d:\genesis and jet3d\jstudio_classic11_2023\source\tools\editor\debug\select.obj
d:\genesis and jet3d\jstudio_classic11_2023\source\tools\editor\debug\ortho.obj
d:\genesis and jet3d\jstudio_classic11_2023\source\tools\editor\debug\objectlist.obj
d:\genesis and jet3d\jstudio_classic11_2023\source\tools\editor\debug\object.obj
d:\genesis and jet3d\jstudio_classic11_2023\source\tools\editor\debug\modellist.obj
d:\genesis and jet3d\jstudio_classic11_2023\source\tools\editor\debug\model.obj
d:\genesis and jet3d\jstudio_classic11_2023\source\tools\editor\debug\models.obj
d:\genesis and jet3d\jstudio_classic11_2023\source\tools\editor\debug\materialstatic.obj
d:\genesis and jet3d\jstudio_classic11_2023\source\tools\editor\debug\lists.obj
d:\genesis and jet3d\jstudio_classic11_2023\source\tools\editor\debug\jeterr.obj
d:\genesis and jet3d\jstudio_classic11_2023\source\tools\editor\debug\groups.obj
d:\genesis and jet3d\jstudio_classic11_2023\source\tools\editor\debug\globalmaterials.obj
d:\genesis and jet3d\jstudio_classic11_2023\source\tools\editor\debug\empty.obj
d:\genesis and jet3d\jstudio_classic11_2023\source\tools\editor\debug\dlgautorecover.obj
d:\genesis and jet3d\jstudio_classic11_2023\source\tools\editor\debug\disclaimer.obj
d:\genesis and jet3d\jstudio_classic11_2023\source\tools\editor\debug\dialogbuilderdlg.obj
d:\genesis and jet3d\jstudio_classic11_2023\source\tools\editor\debug\buildspin.obj
d:\genesis and jet3d\jstudio_classic11_2023\source\tools\editor\debug\builderedit.obj
d:\genesis and jet3d\jstudio_classic11_2023\source\tools\editor\debug\buildercombo.obj
d:\genesis and jet3d\jstudio_classic11_2023\source\tools\editor\debug\builderbutton.obj
d:\genesis and jet3d\jstudio_classic11_2023\source\tools\editor\debug\addmodel.obj
d:\genesis and jet3d\jstudio_classic11_2023\source\tools\editor\debug\j3dview.obj
d:\genesis and jet3d\jstudio_classic11_2023\source\tools\editor\debug\j3dmainfrm.obj
d:\genesis and jet3d\jstudio_classic11_2023\source\tools\editor\debug\j3ddoc.obj
d:\genesis and jet3d\jstudio_classic11_2023\source\tools\editor\debug\j3dapp.obj
d:\genesis and jet3d\jstudio_classic11_2023\source\tools\editor\debug\level.obj
d:\genesis and jet3d\jstudio_classic11_2023\source\tools\editor\debug\texturetreecontrol.obj
d:\genesis and jet3d\jstudio_classic11_2023\source\tools\editor\debug\texturelistcontrol.obj
d:\genesis and jet3d\jstudio_classic11_2023\source\tools\editor\debug\sizecbar.obj
d:\genesis and jet3d\jstudio_classic11_2023\source\tools\editor\debug\scbarg.obj
d:\genesis and jet3d\jstudio_classic11_2023\source\tools\editor\debug\scbarcf.obj
d:\genesis and jet3d\jstudio_classic11_2023\source\tools\editor\debug\mydroptarget.obj
d:\genesis and jet3d\jstudio_classic11_2023\source\tools\editor\debug\mybar.obj
d:\genesis and jet3d\jstudio_classic11_2023\source\tools\editor\debug\dropfilearray.obj
d:\genesis and jet3d\jstudio_classic11_2023\source\tools\editor\debug\colorpopup.obj
d:\genesis and jet3d\jstudio_classic11_2023\source\tools\editor\debug\colorbutton.obj
d:\genesis and jet3d\jstudio_classic11_2023\source\tools\editor\debug\bitmapresize.obj
d:\genesis and jet3d\jstudio_classic11_2023\source\tools\editor\debug\timeline.obj
d:\genesis and jet3d\jstudio_classic11_2023\source\tools\editor\debug\texturesdlg.obj
d:\genesis and jet3d\jstudio_classic11_2023\source\tools\editor\debug\stats.obj
d:\genesis and jet3d\jstudio_classic11_2023\source\tools\editor\debug\render.obj
d:\genesis and jet3d\jstudio_classic11_2023\source\tools\editor\debug\rebuild.obj
d:\genesis and jet3d\jstudio_classic11_2023\source\tools\editor\debug\properties.obj
d:\genesis and jet3d\jstudio_classic11_2023\source\tools\editor\debug\presskey.obj
d:\genesis and jet3d\jstudio_classic11_2023\source\tools\editor\debug\preferences.obj
d:\genesis and jet3d\jstudio_classic11_2023\source\tools\editor\debug\paredit.obj
d:\genesis and jet3d\jstudio_classic11_2023\source\tools\editor\debug\noise.obj
d:\genesis and jet3d\jstudio_classic11_2023\source\tools\editor\debug\mtl9937.obj
d:\genesis and jet3d\jstudio_classic11_2023\source\tools\editor\debug\thin3dsplitterwnd.obj
d:\genesis and jet3d\jstudio_classic11_2023\source\tools\editor\debug\appdata1.obj
d:\genesis and jet3d\jstudio_classic11_2023\source\tools\editor\debug\btnst1.obj
d:\genesis and jet3d\jstudio_classic11_2023\source\tools\editor\debug\childfrm1.obj
d:\genesis and jet3d\jstudio_classic11_2023\source\tools\editor\debug\cicontabctrl1.obj
d:\genesis and jet3d\jstudio_classic11_2023\source\tools\editor\debug\cmaterial1.obj
d:\genesis and jet3d\jstudio_classic11_2023\source\tools\editor\debug\ctexttoolbar1.obj
d:\genesis and jet3d\jstudio_classic11_2023\source\tools\editor\debug\doc1.obj
d:\genesis and jet3d\jstudio_classic11_2023\source\tools\editor\debug\docbars1.obj
d:\genesis and jet3d\jstudio_classic11_2023\source\tools\editor\debug\docmanagerex1.obj
d:\genesis and jet3d\jstudio_classic11_2023\source\tools\editor\debug\dragtree1.obj
d:\genesis and jet3d\jstudio_classic11_2023\source\tools\editor\debug\extfiledialog1.obj
d:\genesis and jet3d\jstudio_classic11_2023\source\tools\editor\debug\groupbar1.obj
d:\genesis and jet3d\jstudio_classic11_2023\source\tools\editor\debug\grouptreectrl1.obj
d:\genesis and jet3d\jstudio_classic11_2023\source\tools\editor\debug\jetdialog1.obj
d:\genesis and jet3d\jstudio_classic11_2023\source\tools\editor\debug\jetview1.obj
d:\genesis and jet3d\jstudio_classic11_2023\source\tools\editor\debug\jwe1.obj
d:\genesis and jet3d\jstudio_classic11_2023\source\tools\editor\debug\label1.obj
d:\genesis and jet3d\jstudio_classic11_2023\source\tools\editor\debug\mainfrm1.obj
d:\genesis and jet3d\jstudio_classic11_2023\source\tools\editor\debug\mfcutil1.obj
d:\genesis and jet3d\jstudio_classic11_2023\source\tools\editor\debug\msglog1.obj
d:\genesis and jet3d\jstudio_classic11_2023\source\tools\editor\debug\settings1.obj
d:\genesis and jet3d\jstudio_classic11_2023\source\tools\editor\debug\stdafx1.obj
d:\genesis and jet3d\jstudio_classic11_2023\source\tools\editor\debug\treectrlex1.obj
d:\genesis and jet3d\jstudio_classic11_2023\source\tools\editor\debug\view1.obj
d:\genesis and jet3d\jstudio_classic11_2023\source\tools\editor\debug\wndreg1.obj
d:\genesis and jet3d\jstudio_classic11_2023\bin\jwe.cnt
d:\genesis and jet3d\jstudio_classic11_2023\bin\jdesignerclassic11d.ilk
d:\genesis and jet3d\jstudio_classic11_2023\bin\jdesignerclassic11d.exe
d:\genesis and jet3d\jstudio_classic11_2023\bin\jdesignerclassic11.map
d:\genesis and jet3d\jstudio_classic11_2023\bin\jdesignerclassic11d.pdb
d:\genesis and jet3d\jstudio_classic11_2023\source\tools\editor\debug\jwe.res
d:\genesis and jet3d\jstudio_classic11_2023\source\tools\editor\debug\jdesigne.c9d22404.tlog\cl.command.1.tlog
d:\genesis and jet3d\jstudio_classic11_2023\source\tools\editor\debug\jdesigne.c9d22404.tlog\cl.read.1.tlog
d:\genesis and jet3d\jstudio_classic11_2023\source\tools\editor\debug\jdesigne.c9d22404.tlog\cl.write.1.tlog
d:\genesis and jet3d\jstudio_classic11_2023\source\tools\editor\debug\jdesigne.c9d22404.tlog\custombuild.command.1.tlog
d:\genesis and jet3d\jstudio_classic11_2023\source\tools\editor\debug\jdesigne.c9d22404.tlog\custombuild.read.1.tlog
d:\genesis and jet3d\jstudio_classic11_2023\source\tools\editor\debug\jdesigne.c9d22404.tlog\custombuild.write.1.tlog
d:\genesis and jet3d\jstudio_classic11_2023\source\tools\editor\debug\jdesigne.c9d22404.tlog\link.command.1.tlog
d:\genesis and jet3d\jstudio_classic11_2023\source\tools\editor\debug\jdesigne.c9d22404.tlog\link.read.1.tlog
d:\genesis and jet3d\jstudio_classic11_2023\source\tools\editor\debug\jdesigne.c9d22404.tlog\link.write.1.tlog
d:\genesis and jet3d\jstudio_classic11_2023\source\tools\editor\debug\jdesigne.c9d22404.tlog\rc.command.1.tlog
d:\genesis and jet3d\jstudio_classic11_2023\source\tools\editor\debug\jdesigne.c9d22404.tlog\rc.read.1.tlog
d:\genesis and jet3d\jstudio_classic11_2023\source\tools\editor\debug\jdesigne.c9d22404.tlog\rc.write.1.tlog
