d:\genesis and jet3d\jstudio_classic11_2023\source\objects\spout\debug\vc143.pdb
d:\genesis and jet3d\jstudio_classic11_2023\source\objects\spout\debug\vc143.idb
d:\genesis and jet3d\jstudio_classic11_2023\source\objects\spout\debug\spout.obj
d:\genesis and jet3d\jstudio_classic11_2023\source\objects\spout\debug\objectdef.obj
d:\genesis and jet3d\jstudio_classic11_2023\source\objects\spout\debug\spoutobj.ilk
d:\genesis and jet3d\jstudio_classic11_2023\bin\objects\spoutobj.ddl
d:\genesis and jet3d\jstudio_classic11_2023\source\objects\spout\debug\spoutobj.map
d:\genesis and jet3d\jstudio_classic11_2023\source\objects\spout\debug\spoutobj.pdb
d:\genesis and jet3d\jstudio_classic11_2023\source\objects\spout\debug\spoutobj.lib
d:\genesis and jet3d\jstudio_classic11_2023\source\objects\spout\debug\spoutobj.exp
d:\genesis and jet3d\jstudio_classic11_2023\source\objects\spout\debug\spout.res
d:\genesis and jet3d\jstudio_classic11_2023\source\objects\spout\debug\spoutobj.tlog\cl.command.1.tlog
d:\genesis and jet3d\jstudio_classic11_2023\source\objects\spout\debug\spoutobj.tlog\cl.read.1.tlog
d:\genesis and jet3d\jstudio_classic11_2023\source\objects\spout\debug\spoutobj.tlog\cl.write.1.tlog
d:\genesis and jet3d\jstudio_classic11_2023\source\objects\spout\debug\spoutobj.tlog\link.command.1.tlog
d:\genesis and jet3d\jstudio_classic11_2023\source\objects\spout\debug\spoutobj.tlog\link.read.1.tlog
d:\genesis and jet3d\jstudio_classic11_2023\source\objects\spout\debug\spoutobj.tlog\link.write.1.tlog
d:\genesis and jet3d\jstudio_classic11_2023\source\objects\spout\debug\spoutobj.tlog\link.write.2u.tlog
d:\genesis and jet3d\jstudio_classic11_2023\source\objects\spout\debug\spoutobj.tlog\rc.command.1.tlog
d:\genesis and jet3d\jstudio_classic11_2023\source\objects\spout\debug\spoutobj.tlog\rc.read.1.tlog
d:\genesis and jet3d\jstudio_classic11_2023\source\objects\spout\debug\spoutobj.tlog\rc.write.1.tlog
