d:\genesis and jet3d\jstudio_classic11_2023\source\objects\ambobject\debug\ambientobj.bsc
d:\genesis and jet3d\jstudio_classic11_2023\source\objects\ambobject\debug\vc143.pdb
d:\genesis and jet3d\jstudio_classic11_2023\source\objects\ambobject\debug\vc143.idb
d:\genesis and jet3d\jstudio_classic11_2023\source\objects\ambobject\debug\ambobject.sbr
d:\genesis and jet3d\jstudio_classic11_2023\source\objects\ambobject\debug\objectdef.sbr
d:\genesis and jet3d\jstudio_classic11_2023\source\objects\ambobject\debug\snd.sbr
d:\genesis and jet3d\jstudio_classic11_2023\source\objects\ambobject\debug\snd.obj
d:\genesis and jet3d\jstudio_classic11_2023\source\objects\ambobject\debug\objectdef.obj
d:\genesis and jet3d\jstudio_classic11_2023\source\objects\ambobject\debug\ambobject.obj
d:\genesis and jet3d\jstudio_classic11_2023\source\objects\ambobject\debug\ambientobj.ilk
d:\genesis and jet3d\jstudio_classic11_2023\bin\objects\ambientobj.ddl
d:\genesis and jet3d\jstudio_classic11_2023\source\objects\ambobject\debug\ambientobj.map
d:\genesis and jet3d\jstudio_classic11_2023\source\objects\ambobject\debug\ambientobj.pdb
d:\genesis and jet3d\jstudio_classic11_2023\source\objects\ambobject\debug\ambientobj.lib
d:\genesis and jet3d\jstudio_classic11_2023\source\objects\ambobject\debug\ambientobj.exp
d:\genesis and jet3d\jstudio_classic11_2023\source\objects\ambobject\debug\ambobject.res
d:\genesis and jet3d\jstudio_classic11_2023\source\objects\ambobject\debug\ambientobj.tlog\bscmake.command.1.tlog
d:\genesis and jet3d\jstudio_classic11_2023\source\objects\ambobject\debug\ambientobj.tlog\bscmake.read.1.tlog
d:\genesis and jet3d\jstudio_classic11_2023\source\objects\ambobject\debug\ambientobj.tlog\bscmake.write.1.tlog
d:\genesis and jet3d\jstudio_classic11_2023\source\objects\ambobject\debug\ambientobj.tlog\cl.command.1.tlog
d:\genesis and jet3d\jstudio_classic11_2023\source\objects\ambobject\debug\ambientobj.tlog\cl.read.1.tlog
d:\genesis and jet3d\jstudio_classic11_2023\source\objects\ambobject\debug\ambientobj.tlog\cl.write.1.tlog
d:\genesis and jet3d\jstudio_classic11_2023\source\objects\ambobject\debug\ambientobj.tlog\link.command.1.tlog
d:\genesis and jet3d\jstudio_classic11_2023\source\objects\ambobject\debug\ambientobj.tlog\link.read.1.tlog
d:\genesis and jet3d\jstudio_classic11_2023\source\objects\ambobject\debug\ambientobj.tlog\link.write.1.tlog
d:\genesis and jet3d\jstudio_classic11_2023\source\objects\ambobject\debug\ambientobj.tlog\link.write.2u.tlog
d:\genesis and jet3d\jstudio_classic11_2023\source\objects\ambobject\debug\ambientobj.tlog\rc.command.1.tlog
d:\genesis and jet3d\jstudio_classic11_2023\source\objects\ambobject\debug\ambientobj.tlog\rc.read.1.tlog
d:\genesis and jet3d\jstudio_classic11_2023\source\objects\ambobject\debug\ambientobj.tlog\rc.write.1.tlog
