d:\genesis and jet3d\jstudio_classic11_2023\source\objects\pathobject\debug\vc143.pdb
d:\genesis and jet3d\jstudio_classic11_2023\source\objects\pathobject\debug\vc143.idb
d:\genesis and jet3d\jstudio_classic11_2023\source\objects\pathobject\debug\trigger.obj
d:\genesis and jet3d\jstudio_classic11_2023\source\objects\pathobject\debug\pathobj.obj
d:\genesis and jet3d\jstudio_classic11_2023\source\objects\pathobject\debug\objectdef.obj
d:\genesis and jet3d\jstudio_classic11_2023\source\objects\pathobject\debug\pathobj.ilk
d:\genesis and jet3d\jstudio_classic11_2023\bin\objects\pathobj.ddl
d:\genesis and jet3d\jstudio_classic11_2023\source\objects\pathobject\debug\pathobj.map
d:\genesis and jet3d\jstudio_classic11_2023\source\objects\pathobject\debug\pathobj.pdb
d:\genesis and jet3d\jstudio_classic11_2023\source\objects\pathobject\debug\pathobj.lib
d:\genesis and jet3d\jstudio_classic11_2023\source\objects\pathobject\debug\pathobj.exp
d:\genesis and jet3d\jstudio_classic11_2023\source\objects\pathobject\debug\pathobj.res
d:\genesis and jet3d\jstudio_classic11_2023\source\objects\pathobject\debug\pathobj.tlog\cl.command.1.tlog
d:\genesis and jet3d\jstudio_classic11_2023\source\objects\pathobject\debug\pathobj.tlog\cl.read.1.tlog
d:\genesis and jet3d\jstudio_classic11_2023\source\objects\pathobject\debug\pathobj.tlog\cl.write.1.tlog
d:\genesis and jet3d\jstudio_classic11_2023\source\objects\pathobject\debug\pathobj.tlog\link.command.1.tlog
d:\genesis and jet3d\jstudio_classic11_2023\source\objects\pathobject\debug\pathobj.tlog\link.read.1.tlog
d:\genesis and jet3d\jstudio_classic11_2023\source\objects\pathobject\debug\pathobj.tlog\link.write.1.tlog
d:\genesis and jet3d\jstudio_classic11_2023\source\objects\pathobject\debug\pathobj.tlog\link.write.2u.tlog
d:\genesis and jet3d\jstudio_classic11_2023\source\objects\pathobject\debug\pathobj.tlog\rc.command.1.tlog
d:\genesis and jet3d\jstudio_classic11_2023\source\objects\pathobject\debug\pathobj.tlog\rc.read.1.tlog
d:\genesis and jet3d\jstudio_classic11_2023\source\objects\pathobject\debug\pathobj.tlog\rc.write.1.tlog
