d:\genesis and jet3d\jstudio_classic11_2023\source\objects\dynamiclight\debug\vc143.pdb
d:\genesis and jet3d\jstudio_classic11_2023\source\objects\dynamiclight\debug\vc143.idb
d:\genesis and jet3d\jstudio_classic11_2023\source\objects\dynamiclight\debug\objectdef.obj
d:\genesis and jet3d\jstudio_classic11_2023\source\objects\dynamiclight\debug\dynamiclight.obj
d:\genesis and jet3d\jstudio_classic11_2023\bin\objects\dynlightobj.ddl
d:\genesis and jet3d\jstudio_classic11_2023\source\objects\dynamiclight\debug\dynlightobj.map
d:\genesis and jet3d\jstudio_classic11_2023\source\objects\dynamiclight\debug\dynlightobj.pdb
d:\genesis and jet3d\jstudio_classic11_2023\source\objects\dynamiclight\debug\dynlightobj.lib
d:\genesis and jet3d\jstudio_classic11_2023\source\objects\dynamiclight\debug\dynlightobj.exp
d:\genesis and jet3d\jstudio_classic11_2023\source\objects\dynamiclight\debug\dynamiclight.res
d:\genesis and jet3d\jstudio_classic11_2023\source\objects\dynamiclight\debug\dynlightobj.tlog\cl.command.1.tlog
d:\genesis and jet3d\jstudio_classic11_2023\source\objects\dynamiclight\debug\dynlightobj.tlog\cl.read.1.tlog
d:\genesis and jet3d\jstudio_classic11_2023\source\objects\dynamiclight\debug\dynlightobj.tlog\cl.write.1.tlog
d:\genesis and jet3d\jstudio_classic11_2023\source\objects\dynamiclight\debug\dynlightobj.tlog\link.command.1.tlog
d:\genesis and jet3d\jstudio_classic11_2023\source\objects\dynamiclight\debug\dynlightobj.tlog\link.read.1.tlog
d:\genesis and jet3d\jstudio_classic11_2023\source\objects\dynamiclight\debug\dynlightobj.tlog\link.write.1.tlog
d:\genesis and jet3d\jstudio_classic11_2023\source\objects\dynamiclight\debug\dynlightobj.tlog\link.write.2u.tlog
d:\genesis and jet3d\jstudio_classic11_2023\source\objects\dynamiclight\debug\dynlightobj.tlog\rc.command.1.tlog
d:\genesis and jet3d\jstudio_classic11_2023\source\objects\dynamiclight\debug\dynlightobj.tlog\rc.read.1.tlog
d:\genesis and jet3d\jstudio_classic11_2023\source\objects\dynamiclight\debug\dynlightobj.tlog\rc.write.1.tlog
