d:\genesis and jet3d\jstudio_classic11_2023\source\objects\actorobj\debug\actorobj.bsc
d:\genesis and jet3d\jstudio_classic11_2023\source\objects\actorobj\debug\vc143.pdb
d:\genesis and jet3d\jstudio_classic11_2023\source\objects\actorobj\debug\vc143.idb
d:\genesis and jet3d\jstudio_classic11_2023\source\objects\actorobj\debug\objectdef.sbr
d:\genesis and jet3d\jstudio_classic11_2023\source\objects\actorobj\debug\objectdef.obj
d:\genesis and jet3d\jstudio_classic11_2023\source\objects\actorobj\debug\actorobj.ilk
d:\genesis and jet3d\jstudio_classic11_2023\bin\objects\actorobj.ddl
d:\genesis and jet3d\jstudio_classic11_2023\source\objects\actorobj\debug\actorobj.map
d:\genesis and jet3d\jstudio_classic11_2023\source\objects\actorobj\debug\actorobj.pdb
d:\genesis and jet3d\jstudio_classic11_2023\source\objects\actorobj\debug\actorobj.lib
d:\genesis and jet3d\jstudio_classic11_2023\source\objects\actorobj\debug\actorobj.exp
d:\genesis and jet3d\jstudio_classic11_2023\source\objects\actorobj\debug\actorobj.tlog\bscmake.command.1.tlog
d:\genesis and jet3d\jstudio_classic11_2023\source\objects\actorobj\debug\actorobj.tlog\bscmake.read.1.tlog
d:\genesis and jet3d\jstudio_classic11_2023\source\objects\actorobj\debug\actorobj.tlog\bscmake.write.1.tlog
d:\genesis and jet3d\jstudio_classic11_2023\source\objects\actorobj\debug\actorobj.tlog\cl.command.1.tlog
d:\genesis and jet3d\jstudio_classic11_2023\source\objects\actorobj\debug\actorobj.tlog\cl.read.1.tlog
d:\genesis and jet3d\jstudio_classic11_2023\source\objects\actorobj\debug\actorobj.tlog\cl.write.1.tlog
d:\genesis and jet3d\jstudio_classic11_2023\source\objects\actorobj\debug\actorobj.tlog\link.command.1.tlog
d:\genesis and jet3d\jstudio_classic11_2023\source\objects\actorobj\debug\actorobj.tlog\link.read.1.tlog
d:\genesis and jet3d\jstudio_classic11_2023\source\objects\actorobj\debug\actorobj.tlog\link.write.1.tlog
d:\genesis and jet3d\jstudio_classic11_2023\source\objects\actorobj\debug\actorobj.tlog\link.write.2u.tlog
