d:\genesis and jet3d\jstudio_classic11_2023\source\objects\camobject\debug\vc143.pdb
d:\genesis and jet3d\jstudio_classic11_2023\source\objects\camobject\debug\vc143.idb
d:\genesis and jet3d\jstudio_classic11_2023\source\objects\camobject\debug\objectdef.obj
d:\genesis and jet3d\jstudio_classic11_2023\source\objects\camobject\debug\camobject.obj
d:\genesis and jet3d\jstudio_classic11_2023\source\objects\camobject\debug\cameraobj.ilk
d:\genesis and jet3d\jstudio_classic11_2023\bin\objects\cameraobj.ddl
d:\genesis and jet3d\jstudio_classic11_2023\source\objects\camobject\debug\cameraobj.map
d:\genesis and jet3d\jstudio_classic11_2023\source\objects\camobject\debug\cameraobj.pdb
d:\genesis and jet3d\jstudio_classic11_2023\source\objects\camobject\debug\cameraobj.lib
d:\genesis and jet3d\jstudio_classic11_2023\source\objects\camobject\debug\cameraobj.exp
d:\genesis and jet3d\jstudio_classic11_2023\source\objects\camobject\debug\camobject.res
d:\genesis and jet3d\jstudio_classic11_2023\source\objects\camobject\debug\cameraobj.tlog\cl.command.1.tlog
d:\genesis and jet3d\jstudio_classic11_2023\source\objects\camobject\debug\cameraobj.tlog\cl.read.1.tlog
d:\genesis and jet3d\jstudio_classic11_2023\source\objects\camobject\debug\cameraobj.tlog\cl.write.1.tlog
d:\genesis and jet3d\jstudio_classic11_2023\source\objects\camobject\debug\cameraobj.tlog\link.command.1.tlog
d:\genesis and jet3d\jstudio_classic11_2023\source\objects\camobject\debug\cameraobj.tlog\link.read.1.tlog
d:\genesis and jet3d\jstudio_classic11_2023\source\objects\camobject\debug\cameraobj.tlog\link.write.1.tlog
d:\genesis and jet3d\jstudio_classic11_2023\source\objects\camobject\debug\cameraobj.tlog\link.write.2u.tlog
d:\genesis and jet3d\jstudio_classic11_2023\source\objects\camobject\debug\cameraobj.tlog\rc.command.1.tlog
d:\genesis and jet3d\jstudio_classic11_2023\source\objects\camobject\debug\cameraobj.tlog\rc.read.1.tlog
d:\genesis and jet3d\jstudio_classic11_2023\source\objects\camobject\debug\cameraobj.tlog\rc.write.1.tlog
